<?xml version="1.0" encoding="UTF-8"?>
<coverage generated="1778977038448" clover="3.2.0">
  <project timestamp="1778977038448" name="All files">
    <metrics statements="279" coveredstatements="31" conditionals="184" coveredconditionals="21" methods="87" coveredmethods="8" elements="550" coveredelements="60" complexity="0" loc="279" ncloc="279" packages="9" files="32" classes="32"/>
    <package name="app">
      <metrics statements="5" coveredstatements="0" conditionals="2" coveredconditionals="0" methods="2" coveredmethods="0"/>
      <file name="_layout.tsx" path="/Users/fmartinezvidal/Documents/github/radar-app/app/_layout.tsx">
        <metrics statements="5" coveredstatements="0" conditionals="2" coveredconditionals="0" methods="2" coveredmethods="0"/>
        <line num="10" count="0" type="stmt"/>
        <line num="19" count="0" type="stmt"/>
        <line num="20" count="0" type="stmt"/>
        <line num="24" count="0" type="stmt"/>
        <line num="26" count="0" type="stmt"/>
      </file>
    </package>
    <package name="app.(auth)">
      <metrics statements="36" coveredstatements="0" conditionals="36" coveredconditionals="0" methods="11" coveredmethods="0"/>
      <file name="_layout.tsx" path="/Users/fmartinezvidal/Documents/github/radar-app/app/(auth)/_layout.tsx">
        <metrics statements="6" coveredstatements="0" conditionals="4" coveredconditionals="0" methods="1" coveredmethods="0"/>
        <line num="6" count="0" type="stmt"/>
        <line num="8" count="0" type="cond" truecount="0" falsecount="2"/>
        <line num="9" count="0" type="stmt"/>
        <line num="12" count="0" type="cond" truecount="0" falsecount="2"/>
        <line num="13" count="0" type="stmt"/>
        <line num="16" count="0" type="stmt"/>
      </file>
      <file name="sign-in.tsx" path="/Users/fmartinezvidal/Documents/github/radar-app/app/(auth)/sign-in.tsx">
        <metrics statements="12" coveredstatements="0" conditionals="14" coveredconditionals="0" methods="4" coveredmethods="0"/>
        <line num="19" count="0" type="stmt"/>
        <line num="27" count="0" type="stmt"/>
        <line num="33" count="0" type="stmt"/>
        <line num="38" count="0" type="stmt"/>
        <line num="39" count="0" type="stmt"/>
        <line num="40" count="0" type="stmt"/>
        <line num="44" count="0" type="cond" truecount="0" falsecount="2"/>
        <line num="45" count="0" type="stmt"/>
        <line num="49" count="0" type="stmt"/>
        <line num="63" count="0" type="stmt"/>
        <line num="84" count="0" type="stmt"/>
        <line num="124" count="0" type="stmt"/>
      </file>
      <file name="sign-up.tsx" path="/Users/fmartinezvidal/Documents/github/radar-app/app/(auth)/sign-up.tsx">
        <metrics statements="18" coveredstatements="0" conditionals="18" coveredconditionals="0" methods="6" coveredmethods="0"/>
        <line num="19" count="0" type="stmt"/>
        <line num="25" count="0" type="stmt"/>
        <line num="33" count="0" type="stmt"/>
        <line num="34" count="0" type="stmt"/>
        <line num="40" count="0" type="stmt"/>
        <line num="45" count="0" type="stmt"/>
        <line num="46" count="0" type="stmt"/>
        <line num="47" count="0" type="stmt"/>
        <line num="51" count="0" type="cond" truecount="0" falsecount="2"/>
        <line num="52" count="0" type="stmt"/>
        <line num="54" count="0" type="stmt"/>
        <line num="58" count="0" type="cond" truecount="0" falsecount="2"/>
        <line num="59" count="0" type="stmt"/>
        <line num="78" count="0" type="stmt"/>
        <line num="92" count="0" type="stmt"/>
        <line num="113" count="0" type="stmt"/>
        <line num="133" count="0" type="stmt"/>
        <line num="173" count="0" type="stmt"/>
      </file>
    </package>
    <package name="app.(protected)">
      <metrics statements="10" coveredstatements="0" conditionals="4" coveredconditionals="0" methods="2" coveredmethods="0"/>
      <file name="_layout.tsx" path="/Users/fmartinezvidal/Documents/github/radar-app/app/(protected)/_layout.tsx">
        <metrics statements="8" coveredstatements="0" conditionals="4" coveredconditionals="0" methods="1" coveredmethods="0"/>
        <line num="8" count="0" type="stmt"/>
        <line num="10" count="0" type="stmt"/>
        <line num="11" count="0" type="stmt"/>
        <line num="13" count="0" type="cond" truecount="0" falsecount="2"/>
        <line num="14" count="0" type="stmt"/>
        <line num="17" count="0" type="cond" truecount="0" falsecount="2"/>
        <line num="18" count="0" type="stmt"/>
        <line num="21" count="0" type="stmt"/>
      </file>
      <file name="modal.tsx" path="/Users/fmartinezvidal/Documents/github/radar-app/app/(protected)/modal.tsx">
        <metrics statements="2" coveredstatements="0" conditionals="0" coveredconditionals="0" methods="1" coveredmethods="0"/>
        <line num="8" count="0" type="stmt"/>
        <line num="18" count="0" type="stmt"/>
      </file>
    </package>
    <package name="app.(protected).(tabs)">
      <metrics statements="78" coveredstatements="0" conditionals="46" coveredconditionals="0" methods="28" coveredmethods="0"/>
      <file name="_layout.tsx" path="/Users/fmartinezvidal/Documents/github/radar-app/app/(protected)/(tabs)/_layout.tsx">
        <metrics statements="5" coveredstatements="0" conditionals="2" coveredconditionals="0" methods="4" coveredmethods="0"/>
        <line num="10" count="0" type="stmt"/>
        <line num="12" count="0" type="stmt"/>
        <line num="24" count="0" type="stmt"/>
        <line num="31" count="0" type="stmt"/>
        <line num="38" count="0" type="stmt"/>
      </file>
      <file name="camera.tsx" path="/Users/fmartinezvidal/Documents/github/radar-app/app/(protected)/(tabs)/camera.tsx">
        <metrics statements="63" coveredstatements="0" conditionals="44" coveredconditionals="0" methods="18" coveredmethods="0"/>
        <line num="35" count="0" type="stmt"/>
        <line num="38" count="0" type="stmt"/>
        <line num="41" count="0" type="stmt"/>
        <line num="44" count="0" type="stmt"/>
        <line num="45" count="0" type="stmt"/>
        <line num="48" count="0" type="stmt"/>
        <line num="51" count="0" type="stmt"/>
        <line num="52" count="0" type="stmt"/>
        <line num="55" count="0" type="stmt"/>
        <line num="57" count="0" type="stmt"/>
        <line num="64" count="0" type="cond" truecount="0" falsecount="2"/>
        <line num="65" count="0" type="stmt"/>
        <line num="67" count="0" type="stmt"/>
        <line num="68" count="0" type="stmt"/>
        <line num="72" count="0" type="cond" truecount="0" falsecount="2"/>
        <line num="73" count="0" type="stmt"/>
        <line num="82" count="0" type="stmt"/>
        <line num="83" count="0" type="stmt"/>
        <line num="84" count="0" type="stmt"/>
        <line num="85" count="0" type="stmt"/>
        <line num="86" count="0" type="stmt"/>
        <line num="90" count="0" type="stmt"/>
        <line num="91" count="0" type="stmt"/>
        <line num="92" count="0" type="stmt"/>
        <line num="94" count="0" type="stmt"/>
        <line num="95" count="0" type="cond" truecount="0" falsecount="2"/>
        <line num="96" count="0" type="stmt"/>
        <line num="101" count="0" type="stmt"/>
        <line num="102" count="0" type="stmt"/>
        <line num="103" count="0" type="stmt"/>
        <line num="104" count="0" type="stmt"/>
        <line num="108" count="0" type="stmt"/>
        <line num="109" count="0" type="stmt"/>
        <line num="110" count="0" type="stmt"/>
        <line num="112" count="0" type="stmt"/>
        <line num="117" count="0" type="cond" truecount="0" falsecount="4"/>
        <line num="118" count="0" type="stmt"/>
        <line num="123" count="0" type="cond" truecount="0" falsecount="4"/>
        <line num="124" count="0" type="stmt"/>
        <line num="125" count="0" type="stmt"/>
        <line num="126" count="0" type="stmt"/>
        <line num="130" count="0" type="cond" truecount="0" falsecount="2"/>
        <line num="138" count="0" type="stmt"/>
        <line num="142" count="0" type="stmt"/>
        <line num="152" count="0" type="stmt"/>
        <line num="165" count="0" type="cond" truecount="0" falsecount="2"/>
        <line num="166" count="0" type="stmt"/>
        <line num="172" count="0" type="cond" truecount="0" falsecount="2"/>
        <line num="173" count="0" type="stmt"/>
        <line num="179" count="0" type="stmt"/>
        <line num="183" count="0" type="stmt"/>
        <line num="214" count="0" type="cond" truecount="0" falsecount="2"/>
        <line num="216" count="0" type="stmt"/>
        <line num="223" count="0" type="cond" truecount="0" falsecount="2"/>
        <line num="224" count="0" type="stmt"/>
        <line num="239" count="0" type="cond" truecount="0" falsecount="2"/>
        <line num="240" count="0" type="stmt"/>
        <line num="243" count="0" type="stmt"/>
        <line num="271" count="0" type="cond" truecount="0" falsecount="2"/>
        <line num="272" count="0" type="stmt"/>
        <line num="275" count="0" type="stmt"/>
        <line num="294" count="0" type="stmt"/>
        <line num="310" count="0" type="stmt"/>
      </file>
      <file name="explore.tsx" path="/Users/fmartinezvidal/Documents/github/radar-app/app/(protected)/(tabs)/explore.tsx">
        <metrics statements="2" coveredstatements="0" conditionals="0" coveredconditionals="0" methods="1" coveredmethods="0"/>
        <line num="13" count="0" type="stmt"/>
        <line num="103" count="0" type="stmt"/>
      </file>
      <file name="index.tsx" path="/Users/fmartinezvidal/Documents/github/radar-app/app/(protected)/(tabs)/index.tsx">
        <metrics statements="8" coveredstatements="0" conditionals="0" coveredconditionals="0" methods="5" coveredmethods="0"/>
        <line num="13" count="0" type="stmt"/>
        <line num="14" count="0" type="stmt"/>
        <line num="15" count="0" type="stmt"/>
        <line num="18" count="0" type="stmt"/>
        <line num="54" count="0" type="stmt"/>
        <line num="58" count="0" type="stmt"/>
        <line num="65" count="0" type="stmt"/>
        <line num="98" count="0" type="stmt"/>
      </file>
    </package>
    <package name="components">
      <metrics statements="24" coveredstatements="0" conditionals="17" coveredconditionals="0" methods="10" coveredmethods="0"/>
      <file name="external-link.tsx" path="/Users/fmartinezvidal/Documents/github/radar-app/components/external-link.tsx">
        <metrics statements="4" coveredstatements="0" conditionals="2" coveredconditionals="0" methods="2" coveredmethods="0"/>
        <line num="8" count="0" type="stmt"/>
        <line num="14" count="0" type="cond" truecount="0" falsecount="2"/>
        <line num="16" count="0" type="stmt"/>
        <line num="18" count="0" type="stmt"/>
      </file>
      <file name="haptic-tab.tsx" path="/Users/fmartinezvidal/Documents/github/radar-app/components/haptic-tab.tsx">
        <metrics statements="4" coveredstatements="0" conditionals="2" coveredconditionals="0" methods="2" coveredmethods="0"/>
        <line num="6" count="0" type="stmt"/>
        <line num="10" count="0" type="cond" truecount="0" falsecount="2"/>
        <line num="12" count="0" type="stmt"/>
        <line num="14" count="0" type="stmt"/>
      </file>
      <file name="hello-wave.tsx" path="/Users/fmartinezvidal/Documents/github/radar-app/components/hello-wave.tsx">
        <metrics statements="1" coveredstatements="0" conditionals="0" coveredconditionals="0" methods="1" coveredmethods="0"/>
        <line num="4" count="0" type="stmt"/>
      </file>
      <file name="parallax-scroll-view.tsx" path="/Users/fmartinezvidal/Documents/github/radar-app/components/parallax-scroll-view.tsx">
        <metrics statements="9" coveredstatements="0" conditionals="2" coveredconditionals="0" methods="2" coveredmethods="0"/>
        <line num="14" count="0" type="stmt"/>
        <line num="26" count="0" type="stmt"/>
        <line num="27" count="0" type="cond" truecount="0" falsecount="2"/>
        <line num="28" count="0" type="stmt"/>
        <line num="29" count="0" type="stmt"/>
        <line num="30" count="0" type="stmt"/>
        <line num="31" count="0" type="stmt"/>
        <line num="47" count="0" type="stmt"/>
        <line num="67" count="0" type="stmt"/>
      </file>
      <file name="providers.tsx" path="/Users/fmartinezvidal/Documents/github/radar-app/components/providers.tsx">
        <metrics statements="1" coveredstatements="0" conditionals="0" coveredconditionals="0" methods="1" coveredmethods="0"/>
        <line num="11" count="0" type="stmt"/>
      </file>
      <file name="themed-text.tsx" path="/Users/fmartinezvidal/Documents/github/radar-app/components/themed-text.tsx">
        <metrics statements="3" coveredstatements="0" conditionals="11" coveredconditionals="0" methods="1" coveredmethods="0"/>
        <line num="18" count="0" type="stmt"/>
        <line num="20" count="0" type="stmt"/>
        <line num="36" count="0" type="stmt"/>
      </file>
      <file name="themed-view.tsx" path="/Users/fmartinezvidal/Documents/github/radar-app/components/themed-view.tsx">
        <metrics statements="2" coveredstatements="0" conditionals="0" coveredconditionals="0" methods="1" coveredmethods="0"/>
        <line num="11" count="0" type="stmt"/>
        <line num="13" count="0" type="stmt"/>
      </file>
    </package>
    <package name="components.ui">
      <metrics statements="8" coveredstatements="0" conditionals="11" coveredconditionals="0" methods="5" coveredmethods="0"/>
      <file name="collapsible.tsx" path="/Users/fmartinezvidal/Documents/github/radar-app/components/ui/collapsible.tsx">
        <metrics statements="5" coveredstatements="0" conditionals="8" coveredconditionals="0" methods="3" coveredmethods="0"/>
        <line num="11" count="0" type="stmt"/>
        <line num="12" count="0" type="cond" truecount="0" falsecount="2"/>
        <line num="14" count="0" type="stmt"/>
        <line num="18" count="0" type="stmt"/>
        <line num="36" count="0" type="stmt"/>
      </file>
      <file name="icon-symbol.ios.tsx" path="/Users/fmartinezvidal/Documents/github/radar-app/components/ui/icon-symbol.ios.tsx">
        <metrics statements="1" coveredstatements="0" conditionals="2" coveredconditionals="0" methods="1" coveredmethods="0"/>
        <line num="17" count="0" type="stmt"/>
      </file>
      <file name="icon-symbol.tsx" path="/Users/fmartinezvidal/Documents/github/radar-app/components/ui/icon-symbol.tsx">
        <metrics statements="2" coveredstatements="0" conditionals="1" coveredconditionals="0" methods="1" coveredmethods="0"/>
        <line num="16" count="0" type="stmt"/>
        <line num="41" count="0" type="stmt"/>
      </file>
    </package>
    <package name="hooks">
      <metrics statements="34" coveredstatements="2" conditionals="15" coveredconditionals="0" methods="12" coveredmethods="1"/>
      <file name="use-auth-listener.ts" path="/Users/fmartinezvidal/Documents/github/radar-app/hooks/use-auth-listener.ts">
        <metrics statements="7" coveredstatements="0" conditionals="2" coveredconditionals="0" methods="5" coveredmethods="0"/>
        <line num="14" count="0" type="stmt"/>
        <line num="16" count="0" type="stmt"/>
        <line num="17" count="0" type="stmt"/>
        <line num="23" count="0" type="stmt"/>
        <line num="24" count="0" type="stmt"/>
        <line num="31" count="0" type="stmt"/>
        <line num="32" count="0" type="stmt"/>
      </file>
      <file name="use-color-scheme.ts" path="/Users/fmartinezvidal/Documents/github/radar-app/hooks/use-color-scheme.ts">
        <metrics statements="0" coveredstatements="0" conditionals="0" coveredconditionals="0" methods="0" coveredmethods="0"/>
      </file>
      <file name="use-color-scheme.web.ts" path="/Users/fmartinezvidal/Documents/github/radar-app/hooks/use-color-scheme.web.ts">
        <metrics statements="7" coveredstatements="0" conditionals="2" coveredconditionals="0" methods="2" coveredmethods="0"/>
        <line num="8" count="0" type="stmt"/>
        <line num="10" count="0" type="stmt"/>
        <line num="11" count="0" type="stmt"/>
        <line num="14" count="0" type="stmt"/>
        <line num="16" count="0" type="cond" truecount="0" falsecount="2"/>
        <line num="17" count="0" type="stmt"/>
        <line num="20" count="0" type="stmt"/>
      </file>
      <file name="use-register-push.ts" path="/Users/fmartinezvidal/Documents/github/radar-app/hooks/use-register-push.ts">
        <metrics statements="13" coveredstatements="0" conditionals="7" coveredconditionals="0" methods="3" coveredmethods="0"/>
        <line num="12" count="0" type="stmt"/>
        <line num="13" count="0" type="stmt"/>
        <line num="15" count="0" type="stmt"/>
        <line num="16" count="0" type="cond" truecount="0" falsecount="5"/>
        <line num="17" count="0" type="stmt"/>
        <line num="20" count="0" type="stmt"/>
        <line num="22" count="0" type="stmt"/>
        <line num="24" count="0" type="stmt"/>
        <line num="25" count="0" type="stmt"/>
        <line num="26" count="0" type="stmt"/>
        <line num="27" count="0" type="cond" truecount="0" falsecount="2"/>
        <line num="28" count="0" type="stmt"/>
        <line num="31" count="0" type="stmt"/>
      </file>
      <file name="use-session.ts" path="/Users/fmartinezvidal/Documents/github/radar-app/hooks/use-session.ts">
        <metrics statements="2" coveredstatements="2" conditionals="0" coveredconditionals="0" methods="1" coveredmethods="1"/>
        <line num="4" count="12" type="stmt"/>
        <line num="5" count="12" type="stmt"/>
      </file>
      <file name="use-theme-color.ts" path="/Users/fmartinezvidal/Documents/github/radar-app/hooks/use-theme-color.ts">
        <metrics statements="5" coveredstatements="0" conditionals="4" coveredconditionals="0" methods="1" coveredmethods="0"/>
        <line num="13" count="0" type="cond" truecount="0" falsecount="2"/>
        <line num="14" count="0" type="stmt"/>
        <line num="16" count="0" type="cond" truecount="0" falsecount="2"/>
        <line num="17" count="0" type="stmt"/>
        <line num="19" count="0" type="stmt"/>
      </file>
    </package>
    <package name="lib">
      <metrics statements="80" coveredstatements="25" conditionals="51" coveredconditionals="19" methods="14" coveredmethods="4"/>
      <file name="notifications.ts" path="/Users/fmartinezvidal/Documents/github/radar-app/lib/notifications.ts">
        <metrics statements="39" coveredstatements="0" conditionals="16" coveredconditionals="0" methods="7" coveredmethods="0"/>
        <line num="11" count="0" type="stmt"/>
        <line num="12" count="0" type="stmt"/>
        <line num="25" count="0" type="cond" truecount="0" falsecount="2"/>
        <line num="26" count="0" type="stmt"/>
        <line num="34" count="0" type="cond" truecount="0" falsecount="2"/>
        <line num="35" count="0" type="stmt"/>
        <line num="36" count="0" type="stmt"/>
        <line num="39" count="0" type="stmt"/>
        <line num="40" count="0" type="stmt"/>
        <line num="42" count="0" type="cond" truecount="0" falsecount="2"/>
        <line num="43" count="0" type="stmt"/>
        <line num="44" count="0" type="stmt"/>
        <line num="47" count="0" type="cond" truecount="0" falsecount="2"/>
        <line num="48" count="0" type="stmt"/>
        <line num="49" count="0" type="stmt"/>
        <line num="52" count="0" type="stmt"/>
        <line num="53" count="0" type="cond" truecount="0" falsecount="2"/>
        <line num="54" count="0" type="stmt"/>
        <line num="58" count="0" type="stmt"/>
        <line num="61" count="0" type="stmt"/>
        <line num="62" count="0" type="stmt"/>
        <line num="75" count="0" type="stmt"/>
        <line num="77" count="0" type="stmt"/>
        <line num="78" count="0" type="stmt"/>
        <line num="88" count="0" type="cond" truecount="0" falsecount="2"/>
        <line num="90" count="0" type="cond" truecount="0" falsecount="2"/>
        <line num="91" count="0" type="stmt"/>
        <line num="95" count="0" type="stmt"/>
        <line num="97" count="0" type="stmt"/>
        <line num="101" count="0" type="stmt"/>
        <line num="102" count="0" type="cond" truecount="0" falsecount="2"/>
        <line num="103" count="0" type="stmt"/>
        <line num="107" count="0" type="stmt"/>
        <line num="109" count="0" type="stmt"/>
        <line num="118" count="0" type="stmt"/>
        <line num="119" count="0" type="stmt"/>
        <line num="120" count="0" type="stmt"/>
        <line num="123" count="0" type="stmt"/>
        <line num="124" count="0" type="stmt"/>
      </file>
      <file name="query-client.ts" path="/Users/fmartinezvidal/Documents/github/radar-app/lib/query-client.ts">
        <metrics statements="1" coveredstatements="0" conditionals="0" coveredconditionals="0" methods="0" coveredmethods="0"/>
        <line num="17" count="0" type="stmt"/>
      </file>
      <file name="storage.ts" path="/Users/fmartinezvidal/Documents/github/radar-app/lib/storage.ts">
        <metrics statements="31" coveredstatements="25" conditionals="29" coveredconditionals="19" methods="4" coveredmethods="4"/>
        <line num="21" count="9" type="stmt"/>
        <line num="26" count="9" type="cond" truecount="1" falsecount="1"/>
        <line num="27" count="9" type="stmt"/>
        <line num="28" count="9" type="cond" truecount="3" falsecount="1"/>
        <line num="29" count="9" type="stmt"/>
        <line num="34" count="9" type="cond" truecount="3" falsecount="7"/>
        <line num="37" count="8" type="stmt"/>
        <line num="39" count="0" type="stmt"/>
        <line num="41" count="0" type="stmt"/>
        <line num="43" count="0" type="stmt"/>
        <line num="46" count="0" type="stmt"/>
        <line num="48" count="1" type="stmt"/>
        <line num="50" count="0" type="stmt"/>
        <line num="52" count="0" type="stmt"/>
        <line num="68" count="9" type="cond" truecount="1" falsecount="0"/>
        <line num="70" count="9" type="stmt"/>
        <line num="71" count="9" type="cond" truecount="2" falsecount="0"/>
        <line num="73" count="9" type="stmt"/>
        <line num="74" count="9" type="stmt"/>
        <line num="77" count="9" type="stmt"/>
        <line num="78" count="9" type="stmt"/>
        <line num="80" count="9" type="stmt"/>
        <line num="84" count="9" type="cond" truecount="2" falsecount="0"/>
        <line num="85" count="4" type="cond" truecount="1" falsecount="1"/>
        <line num="87" count="4" type="cond" truecount="4" falsecount="0"/>
        <line num="94" count="4" type="cond" truecount="2" falsecount="0"/>
        <line num="95" count="3" type="stmt"/>
        <line num="98" count="3" type="stmt"/>
        <line num="101" count="1" type="stmt"/>
        <line num="104" count="5" type="stmt"/>
        <line num="106" count="5" type="stmt"/>
      </file>
      <file name="supabase.ts" path="/Users/fmartinezvidal/Documents/github/radar-app/lib/supabase.ts">
        <metrics statements="9" coveredstatements="0" conditionals="6" coveredconditionals="0" methods="3" coveredmethods="0"/>
        <line num="11" count="0" type="stmt"/>
        <line num="12" count="0" type="stmt"/>
        <line num="14" count="0" type="cond" truecount="0" falsecount="4"/>
        <line num="15" count="0" type="stmt"/>
        <line num="27" count="0" type="cond" truecount="0" falsecount="2"/>
        <line num="30" count="0" type="stmt"/>
        <line num="32" count="0" type="stmt"/>
        <line num="33" count="0" type="stmt"/>
        <line num="36" count="0" type="stmt"/>
      </file>
    </package>
    <package name="stores">
      <metrics statements="4" coveredstatements="4" conditionals="2" coveredconditionals="2" methods="3" coveredmethods="3"/>
      <file name="auth-store.ts" path="/Users/fmartinezvidal/Documents/github/radar-app/stores/auth-store.ts">
        <metrics statements="4" coveredstatements="4" conditionals="2" coveredconditionals="2" methods="3" coveredmethods="3"/>
        <line num="12" count="2" type="stmt"/>
        <line num="18" count="2" type="stmt"/>
        <line num="22" count="11" type="stmt"/>
        <line num="28" count="3" type="stmt"/>
      </file>
      <file name="index.ts" path="/Users/fmartinezvidal/Documents/github/radar-app/stores/index.ts">
        <metrics statements="0" coveredstatements="0" conditionals="0" coveredconditionals="0" methods="0" coveredmethods="0"/>
      </file>
    </package>
  </project>
</coverage>
