{"/Users/fmartinezvidal/Documents/github/radar-app/app/_layout.tsx": {"path":"/Users/fmartinezvidal/Documents/github/radar-app/app/_layout.tsx","statementMap":{"0":{"start":{"line":10,"column":33},"end":{"line":12,"column":1}},"1":{"start":{"line":19,"column":2},"end":{"line":19,"column":20}},"2":{"start":{"line":20,"column":2},"end":{"line":20,"column":14}},"3":{"start":{"line":24,"column":22},"end":{"line":24,"column":38}},"4":{"start":{"line":26,"column":2},"end":{"line":37,"column":4}}},"fnMap":{"0":{"name":"AuthBootstrap","decl":{"start":{"line":18,"column":9},"end":{"line":18,"column":22}},"loc":{"start":{"line":18,"column":31},"end":{"line":21,"column":1}},"line":18},"1":{"name":"RootLayout","decl":{"start":{"line":23,"column":24},"end":{"line":23,"column":34}},"loc":{"start":{"line":23,"column":37},"end":{"line":38,"column":1}},"line":23}},"branchMap":{"0":{"loc":{"start":{"line":29,"column":28},"end":{"line":29,"column":77}},"type":"cond-expr","locations":[{"start":{"line":29,"column":53},"end":{"line":29,"column":62}},{"start":{"line":29,"column":65},"end":{"line":29,"column":77}}],"line":29}},"s":{"0":0,"1":0,"2":0,"3":0,"4":0},"f":{"0":0,"1":0},"b":{"0":[0,0]}}
,"/Users/fmartinezvidal/Documents/github/radar-app/app/(auth)/_layout.tsx": {"path":"/Users/fmartinezvidal/Documents/github/radar-app/app/(auth)/_layout.tsx","statementMap":{"0":{"start":{"line":6,"column":41},"end":{"line":6,"column":53}},"1":{"start":{"line":8,"column":2},"end":{"line":10,"column":3}},"2":{"start":{"line":9,"column":4},"end":{"line":9,"column":16}},"3":{"start":{"line":12,"column":2},"end":{"line":14,"column":3}},"4":{"start":{"line":13,"column":4},"end":{"line":13,"column":51}},"5":{"start":{"line":16,"column":2},"end":{"line":16,"column":58}}},"fnMap":{"0":{"name":"AuthLayout","decl":{"start":{"line":5,"column":24},"end":{"line":5,"column":34}},"loc":{"start":{"line":5,"column":37},"end":{"line":17,"column":1}},"line":5}},"branchMap":{"0":{"loc":{"start":{"line":8,"column":2},"end":{"line":10,"column":3}},"type":"if","locations":[{"start":{"line":8,"column":2},"end":{"line":10,"column":3}},{"start":{},"end":{}}],"line":8},"1":{"loc":{"start":{"line":12,"column":2},"end":{"line":14,"column":3}},"type":"if","locations":[{"start":{"line":12,"column":2},"end":{"line":14,"column":3}},{"start":{},"end":{}}],"line":12}},"s":{"0":0,"1":0,"2":0,"3":0,"4":0,"5":0},"f":{"0":0},"b":{"0":[0,0],"1":[0,0]}}
,"/Users/fmartinezvidal/Documents/github/radar-app/app/(auth)/sign-in.tsx": {"path":"/Users/fmartinezvidal/Documents/github/radar-app/app/(auth)/sign-in.tsx","statementMap":{"0":{"start":{"line":19,"column":15},"end":{"line":22,"column":2}},"1":{"start":{"line":27,"column":36},"end":{"line":27,"column":65}},"2":{"start":{"line":33,"column":6},"end":{"line":36,"column":4}},"3":{"start":{"line":38,"column":19},"end":{"line":47,"column":3}},"4":{"start":{"line":39,"column":4},"end":{"line":39,"column":23}},"5":{"start":{"line":40,"column":22},"end":{"line":43,"column":6}},"6":{"start":{"line":44,"column":4},"end":{"line":46,"column":5}},"7":{"start":{"line":45,"column":6},"end":{"line":45,"column":34}},"8":{"start":{"line":49,"column":2},"end":{"line":121,"column":4}},"9":{"start":{"line":63,"column":12},"end":{"line":73,"column":14}},"10":{"start":{"line":84,"column":12},"end":{"line":93,"column":14}},"11":{"start":{"line":124,"column":15},"end":{"line":174,"column":2}}},"fnMap":{"0":{"name":"SignInScreen","decl":{"start":{"line":26,"column":24},"end":{"line":26,"column":36}},"loc":{"start":{"line":26,"column":39},"end":{"line":122,"column":1}},"line":26},"1":{"name":"(anonymous_1)","decl":{"start":{"line":38,"column":19},"end":{"line":38,"column":20}},"loc":{"start":{"line":38,"column":60},"end":{"line":47,"column":3}},"line":38},"2":{"name":"(anonymous_2)","decl":{"start":{"line":62,"column":18},"end":{"line":62,"column":19}},"loc":{"start":{"line":63,"column":12},"end":{"line":73,"column":14}},"line":63},"3":{"name":"(anonymous_3)","decl":{"start":{"line":83,"column":18},"end":{"line":83,"column":19}},"loc":{"start":{"line":84,"column":12},"end":{"line":93,"column":14}},"line":84}},"branchMap":{"0":{"loc":{"start":{"line":44,"column":4},"end":{"line":46,"column":5}},"type":"if","locations":[{"start":{"line":44,"column":4},"end":{"line":46,"column":5}},{"start":{},"end":{}}],"line":44},"1":{"loc":{"start":{"line":53,"column":18},"end":{"line":53,"column":62}},"type":"cond-expr","locations":[{"start":{"line":53,"column":42},"end":{"line":53,"column":51}},{"start":{"line":53,"column":54},"end":{"line":53,"column":62}}],"line":53},"2":{"loc":{"start":{"line":76,"column":9},"end":{"line":78,"column":16}},"type":"cond-expr","locations":[{"start":{"line":77,"column":10},"end":{"line":77,"column":83}},{"start":{"line":78,"column":12},"end":{"line":78,"column":16}}],"line":76},"3":{"loc":{"start":{"line":96,"column":9},"end":{"line":98,"column":16}},"type":"cond-expr","locations":[{"start":{"line":97,"column":10},"end":{"line":97,"column":86}},{"start":{"line":98,"column":12},"end":{"line":98,"column":16}}],"line":96},"4":{"loc":{"start":{"line":100,"column":9},"end":{"line":100,"column":89}},"type":"cond-expr","locations":[{"start":{"line":100,"column":21},"end":{"line":100,"column":82}},{"start":{"line":100,"column":85},"end":{"line":100,"column":89}}],"line":100},"5":{"loc":{"start":{"line":103,"column":33},"end":{"line":103,"column":70}},"type":"binary-expr","locations":[{"start":{"line":103,"column":33},"end":{"line":103,"column":45}},{"start":{"line":103,"column":49},"end":{"line":103,"column":70}}],"line":103},"6":{"loc":{"start":{"line":109,"column":11},"end":{"line":113,"column":11}},"type":"cond-expr","locations":[{"start":{"line":110,"column":12},"end":{"line":110,"column":46}},{"start":{"line":112,"column":12},"end":{"line":112,"column":70}}],"line":109}},"s":{"0":0,"1":0,"2":0,"3":0,"4":0,"5":0,"6":0,"7":0,"8":0,"9":0,"10":0,"11":0},"f":{"0":0,"1":0,"2":0,"3":0},"b":{"0":[0,0],"1":[0,0],"2":[0,0],"3":[0,0],"4":[0,0],"5":[0,0],"6":[0,0]}}
,"/Users/fmartinezvidal/Documents/github/radar-app/app/(auth)/sign-up.tsx": {"path":"/Users/fmartinezvidal/Documents/github/radar-app/app/(auth)/sign-up.tsx","statementMap":{"0":{"start":{"line":19,"column":15},"end":{"line":28,"column":4}},"1":{"start":{"line":25,"column":20},"end":{"line":25,"column":58}},"2":{"start":{"line":33,"column":36},"end":{"line":33,"column":65}},"3":{"start":{"line":34,"column":36},"end":{"line":34,"column":51}},"4":{"start":{"line":40,"column":6},"end":{"line":43,"column":4}},"5":{"start":{"line":45,"column":19},"end":{"line":56,"column":3}},"6":{"start":{"line":46,"column":4},"end":{"line":46,"column":23}},"7":{"start":{"line":47,"column":22},"end":{"line":50,"column":6}},"8":{"start":{"line":51,"column":4},"end":{"line":55,"column":5}},"9":{"start":{"line":52,"column":6},"end":{"line":52,"column":34}},"10":{"start":{"line":54,"column":6},"end":{"line":54,"column":25}},"11":{"start":{"line":58,"column":2},"end":{"line":76,"column":3}},"12":{"start":{"line":59,"column":4},"end":{"line":75,"column":6}},"13":{"start":{"line":78,"column":2},"end":{"line":170,"column":4}},"14":{"start":{"line":92,"column":12},"end":{"line":102,"column":14}},"15":{"start":{"line":113,"column":12},"end":{"line":122,"column":14}},"16":{"start":{"line":133,"column":12},"end":{"line":142,"column":14}},"17":{"start":{"line":173,"column":15},"end":{"line":227,"column":2}}},"fnMap":{"0":{"name":"(anonymous_0)","decl":{"start":{"line":25,"column":10},"end":{"line":25,"column":11}},"loc":{"start":{"line":25,"column":20},"end":{"line":25,"column":58}},"line":25},"1":{"name":"SignUpScreen","decl":{"start":{"line":32,"column":24},"end":{"line":32,"column":36}},"loc":{"start":{"line":32,"column":39},"end":{"line":171,"column":1}},"line":32},"2":{"name":"(anonymous_2)","decl":{"start":{"line":45,"column":19},"end":{"line":45,"column":20}},"loc":{"start":{"line":45,"column":60},"end":{"line":56,"column":3}},"line":45},"3":{"name":"(anonymous_3)","decl":{"start":{"line":91,"column":18},"end":{"line":91,"column":19}},"loc":{"start":{"line":92,"column":12},"end":{"line":102,"column":14}},"line":92},"4":{"name":"(anonymous_4)","decl":{"start":{"line":112,"column":18},"end":{"line":112,"column":19}},"loc":{"start":{"line":113,"column":12},"end":{"line":122,"column":14}},"line":113},"5":{"name":"(anonymous_5)","decl":{"start":{"line":132,"column":18},"end":{"line":132,"column":19}},"loc":{"start":{"line":133,"column":12},"end":{"line":142,"column":14}},"line":133}},"branchMap":{"0":{"loc":{"start":{"line":51,"column":4},"end":{"line":55,"column":5}},"type":"if","locations":[{"start":{"line":51,"column":4},"end":{"line":55,"column":5}},{"start":{"line":53,"column":11},"end":{"line":55,"column":5}}],"line":51},"1":{"loc":{"start":{"line":58,"column":2},"end":{"line":76,"column":3}},"type":"if","locations":[{"start":{"line":58,"column":2},"end":{"line":76,"column":3}},{"start":{},"end":{}}],"line":58},"2":{"loc":{"start":{"line":82,"column":18},"end":{"line":82,"column":62}},"type":"cond-expr","locations":[{"start":{"line":82,"column":42},"end":{"line":82,"column":51}},{"start":{"line":82,"column":54},"end":{"line":82,"column":62}}],"line":82},"3":{"loc":{"start":{"line":105,"column":9},"end":{"line":107,"column":16}},"type":"cond-expr","locations":[{"start":{"line":106,"column":10},"end":{"line":106,"column":83}},{"start":{"line":107,"column":12},"end":{"line":107,"column":16}}],"line":105},"4":{"loc":{"start":{"line":125,"column":9},"end":{"line":127,"column":16}},"type":"cond-expr","locations":[{"start":{"line":126,"column":10},"end":{"line":126,"column":86}},{"start":{"line":127,"column":12},"end":{"line":127,"column":16}}],"line":125},"5":{"loc":{"start":{"line":145,"column":9},"end":{"line":147,"column":16}},"type":"cond-expr","locations":[{"start":{"line":146,"column":10},"end":{"line":146,"column":93}},{"start":{"line":147,"column":12},"end":{"line":147,"column":16}}],"line":145},"6":{"loc":{"start":{"line":149,"column":9},"end":{"line":149,"column":89}},"type":"cond-expr","locations":[{"start":{"line":149,"column":21},"end":{"line":149,"column":82}},{"start":{"line":149,"column":85},"end":{"line":149,"column":89}}],"line":149},"7":{"loc":{"start":{"line":152,"column":33},"end":{"line":152,"column":70}},"type":"binary-expr","locations":[{"start":{"line":152,"column":33},"end":{"line":152,"column":45}},{"start":{"line":152,"column":49},"end":{"line":152,"column":70}}],"line":152},"8":{"loc":{"start":{"line":158,"column":11},"end":{"line":162,"column":11}},"type":"cond-expr","locations":[{"start":{"line":159,"column":12},"end":{"line":159,"column":46}},{"start":{"line":161,"column":12},"end":{"line":161,"column":77}}],"line":158}},"s":{"0":0,"1":0,"2":0,"3":0,"4":0,"5":0,"6":0,"7":0,"8":0,"9":0,"10":0,"11":0,"12":0,"13":0,"14":0,"15":0,"16":0,"17":0},"f":{"0":0,"1":0,"2":0,"3":0,"4":0,"5":0},"b":{"0":[0,0],"1":[0,0],"2":[0,0],"3":[0,0],"4":[0,0],"5":[0,0],"6":[0,0],"7":[0,0],"8":[0,0]}}
,"/Users/fmartinezvidal/Documents/github/radar-app/app/(protected)/_layout.tsx": {"path":"/Users/fmartinezvidal/Documents/github/radar-app/app/(protected)/_layout.tsx","statementMap":{"0":{"start":{"line":8,"column":41},"end":{"line":8,"column":53}},"1":{"start":{"line":10,"column":2},"end":{"line":10,"column":20}},"2":{"start":{"line":11,"column":2},"end":{"line":11,"column":28}},"3":{"start":{"line":13,"column":2},"end":{"line":15,"column":3}},"4":{"start":{"line":14,"column":4},"end":{"line":14,"column":16}},"5":{"start":{"line":17,"column":2},"end":{"line":19,"column":3}},"6":{"start":{"line":18,"column":4},"end":{"line":18,"column":47}},"7":{"start":{"line":21,"column":2},"end":{"line":26,"column":4}}},"fnMap":{"0":{"name":"ProtectedLayout","decl":{"start":{"line":7,"column":24},"end":{"line":7,"column":39}},"loc":{"start":{"line":7,"column":42},"end":{"line":27,"column":1}},"line":7}},"branchMap":{"0":{"loc":{"start":{"line":13,"column":2},"end":{"line":15,"column":3}},"type":"if","locations":[{"start":{"line":13,"column":2},"end":{"line":15,"column":3}},{"start":{},"end":{}}],"line":13},"1":{"loc":{"start":{"line":17,"column":2},"end":{"line":19,"column":3}},"type":"if","locations":[{"start":{"line":17,"column":2},"end":{"line":19,"column":3}},{"start":{},"end":{}}],"line":17}},"s":{"0":0,"1":0,"2":0,"3":0,"4":0,"5":0,"6":0,"7":0},"f":{"0":0},"b":{"0":[0,0],"1":[0,0]}}
,"/Users/fmartinezvidal/Documents/github/radar-app/app/(protected)/modal.tsx": {"path":"/Users/fmartinezvidal/Documents/github/radar-app/app/(protected)/modal.tsx","statementMap":{"0":{"start":{"line":8,"column":2},"end":{"line":15,"column":4}},"1":{"start":{"line":18,"column":15},"end":{"line":29,"column":2}}},"fnMap":{"0":{"name":"ModalScreen","decl":{"start":{"line":7,"column":24},"end":{"line":7,"column":35}},"loc":{"start":{"line":7,"column":38},"end":{"line":16,"column":1}},"line":7}},"branchMap":{},"s":{"0":0,"1":0},"f":{"0":0},"b":{}}
,"/Users/fmartinezvidal/Documents/github/radar-app/app/(protected)/(tabs)/_layout.tsx": {"path":"/Users/fmartinezvidal/Documents/github/radar-app/app/(protected)/(tabs)/_layout.tsx","statementMap":{"0":{"start":{"line":10,"column":22},"end":{"line":10,"column":38}},"1":{"start":{"line":12,"column":2},"end":{"line":42,"column":4}},"2":{"start":{"line":24,"column":37},"end":{"line":24,"column":93}},"3":{"start":{"line":31,"column":37},"end":{"line":31,"column":94}},"4":{"start":{"line":38,"column":37},"end":{"line":38,"column":98}}},"fnMap":{"0":{"name":"TabLayout","decl":{"start":{"line":9,"column":24},"end":{"line":9,"column":33}},"loc":{"start":{"line":9,"column":36},"end":{"line":43,"column":1}},"line":9},"1":{"name":"(anonymous_1)","decl":{"start":{"line":24,"column":22},"end":{"line":24,"column":23}},"loc":{"start":{"line":24,"column":37},"end":{"line":24,"column":93}},"line":24},"2":{"name":"(anonymous_2)","decl":{"start":{"line":31,"column":22},"end":{"line":31,"column":23}},"loc":{"start":{"line":31,"column":37},"end":{"line":31,"column":94}},"line":31},"3":{"name":"(anonymous_3)","decl":{"start":{"line":38,"column":22},"end":{"line":38,"column":23}},"loc":{"start":{"line":38,"column":37},"end":{"line":38,"column":98}},"line":38}},"branchMap":{"0":{"loc":{"start":{"line":15,"column":38},"end":{"line":15,"column":60}},"type":"binary-expr","locations":[{"start":{"line":15,"column":38},"end":{"line":15,"column":49}},{"start":{"line":15,"column":53},"end":{"line":15,"column":60}}],"line":15}},"s":{"0":0,"1":0,"2":0,"3":0,"4":0},"f":{"0":0,"1":0,"2":0,"3":0},"b":{"0":[0,0]}}
,"/Users/fmartinezvidal/Documents/github/radar-app/app/(protected)/(tabs)/camera.tsx": {"path":"/Users/fmartinezvidal/Documents/github/radar-app/app/(protected)/(tabs)/camera.tsx","statementMap":{"0":{"start":{"line":35,"column":19},"end":{"line":35,"column":31}},"1":{"start":{"line":38,"column":54},"end":{"line":38,"column":76}},"2":{"start":{"line":41,"column":26},"end":{"line":41,"column":53}},"3":{"start":{"line":44,"column":30},"end":{"line":44,"column":58}},"4":{"start":{"line":45,"column":20},"end":{"line":45,"column":44}},"5":{"start":{"line":48,"column":38},"end":{"line":48,"column":67}},"6":{"start":{"line":51,"column":46},"end":{"line":51,"column":75}},"7":{"start":{"line":52,"column":42},"end":{"line":52,"column":71}},"8":{"start":{"line":55,"column":25},"end":{"line":75,"column":4}},"9":{"start":{"line":57,"column":6},"end":{"line":61,"column":9}},"10":{"start":{"line":64,"column":6},"end":{"line":69,"column":7}},"11":{"start":{"line":65,"column":8},"end":{"line":65,"column":98}},"12":{"start":{"line":67,"column":8},"end":{"line":67,"column":55}},"13":{"start":{"line":68,"column":8},"end":{"line":68,"column":28}},"14":{"start":{"line":72,"column":22},"end":{"line":72,"column":86}},"15":{"start":{"line":73,"column":6},"end":{"line":73,"column":31}},"16":{"start":{"line":82,"column":4},"end":{"line":82,"column":21}},"17":{"start":{"line":83,"column":4},"end":{"line":83,"column":24}},"18":{"start":{"line":84,"column":4},"end":{"line":84,"column":28}},"19":{"start":{"line":85,"column":4},"end":{"line":85,"column":26}},"20":{"start":{"line":86,"column":4},"end":{"line":86,"column":27}},"21":{"start":{"line":90,"column":4},"end":{"line":90,"column":28}},"22":{"start":{"line":91,"column":4},"end":{"line":91,"column":26}},"23":{"start":{"line":92,"column":4},"end":{"line":92,"column":27}},"24":{"start":{"line":94,"column":18},"end":{"line":94,"column":77}},"25":{"start":{"line":95,"column":4},"end":{"line":97,"column":5}},"26":{"start":{"line":96,"column":6},"end":{"line":96,"column":31}},"27":{"start":{"line":101,"column":4},"end":{"line":101,"column":24}},"28":{"start":{"line":102,"column":4},"end":{"line":102,"column":28}},"29":{"start":{"line":103,"column":4},"end":{"line":103,"column":26}},"30":{"start":{"line":104,"column":4},"end":{"line":104,"column":27}},"31":{"start":{"line":108,"column":4},"end":{"line":108,"column":28}},"32":{"start":{"line":109,"column":4},"end":{"line":109,"column":26}},"33":{"start":{"line":110,"column":4},"end":{"line":110,"column":27}},"34":{"start":{"line":112,"column":19},"end":{"line":115,"column":6}},"35":{"start":{"line":117,"column":4},"end":{"line":119,"column":5}},"36":{"start":{"line":118,"column":6},"end":{"line":118,"column":42}},"37":{"start":{"line":123,"column":4},"end":{"line":123,"column":37}},"38":{"start":{"line":123,"column":30},"end":{"line":123,"column":37}},"39":{"start":{"line":124,"column":4},"end":{"line":124,"column":28}},"40":{"start":{"line":125,"column":4},"end":{"line":125,"column":26}},"41":{"start":{"line":126,"column":4},"end":{"line":126,"column":68}},"42":{"start":{"line":130,"column":4},"end":{"line":130,"column":62}},"43":{"start":{"line":130,"column":25},"end":{"line":130,"column":59}},"44":{"start":{"line":138,"column":4},"end":{"line":161,"column":6}},"45":{"start":{"line":142,"column":25},"end":{"line":142,"column":51}},"46":{"start":{"line":152,"column":25},"end":{"line":152,"column":52}},"47":{"start":{"line":165,"column":4},"end":{"line":171,"column":5}},"48":{"start":{"line":166,"column":6},"end":{"line":170,"column":8}},"49":{"start":{"line":172,"column":4},"end":{"line":178,"column":5}},"50":{"start":{"line":173,"column":6},"end":{"line":177,"column":8}},"51":{"start":{"line":179,"column":4},"end":{"line":179,"column":16}},"52":{"start":{"line":183,"column":4},"end":{"line":210,"column":6}},"53":{"start":{"line":214,"column":4},"end":{"line":221,"column":5}},"54":{"start":{"line":216,"column":6},"end":{"line":220,"column":8}},"55":{"start":{"line":223,"column":4},"end":{"line":237,"column":5}},"56":{"start":{"line":224,"column":6},"end":{"line":236,"column":8}},"57":{"start":{"line":239,"column":4},"end":{"line":241,"column":5}},"58":{"start":{"line":240,"column":6},"end":{"line":240,"column":38}},"59":{"start":{"line":243,"column":4},"end":{"line":267,"column":6}},"60":{"start":{"line":271,"column":4},"end":{"line":273,"column":5}},"61":{"start":{"line":272,"column":6},"end":{"line":272,"column":38}},"62":{"start":{"line":275,"column":4},"end":{"line":287,"column":6}},"63":{"start":{"line":294,"column":2},"end":{"line":303,"column":4}},"64":{"start":{"line":310,"column":15},"end":{"line":499,"column":2}}},"fnMap":{"0":{"name":"CameraScreen","decl":{"start":{"line":34,"column":24},"end":{"line":34,"column":36}},"loc":{"start":{"line":34,"column":39},"end":{"line":304,"column":1}},"line":34},"1":{"name":"(anonymous_1)","decl":{"start":{"line":56,"column":16},"end":{"line":56,"column":17}},"loc":{"start":{"line":56,"column":59},"end":{"line":62,"column":5}},"line":56},"2":{"name":"(anonymous_2)","decl":{"start":{"line":63,"column":15},"end":{"line":63,"column":16}},"loc":{"start":{"line":63,"column":27},"end":{"line":70,"column":5}},"line":63},"3":{"name":"(anonymous_3)","decl":{"start":{"line":71,"column":13},"end":{"line":71,"column":14}},"loc":{"start":{"line":71,"column":31},"end":{"line":74,"column":5}},"line":71},"4":{"name":"handleModeChange","decl":{"start":{"line":81,"column":11},"end":{"line":81,"column":27}},"loc":{"start":{"line":81,"column":52},"end":{"line":87,"column":3}},"line":81},"5":{"name":"handleCapture","decl":{"start":{"line":89,"column":17},"end":{"line":89,"column":30}},"loc":{"start":{"line":89,"column":48},"end":{"line":98,"column":3}},"line":89},"6":{"name":"handleRetake","decl":{"start":{"line":100,"column":11},"end":{"line":100,"column":23}},"loc":{"start":{"line":100,"column":32},"end":{"line":105,"column":3}},"line":100},"7":{"name":"handlePickFromGallery","decl":{"start":{"line":107,"column":17},"end":{"line":107,"column":38}},"loc":{"start":{"line":107,"column":56},"end":{"line":120,"column":3}},"line":107},"8":{"name":"handleUpload","decl":{"start":{"line":122,"column":11},"end":{"line":122,"column":23}},"loc":{"start":{"line":122,"column":32},"end":{"line":127,"column":3}},"line":122},"9":{"name":"handleFlipCamera","decl":{"start":{"line":129,"column":11},"end":{"line":129,"column":27}},"loc":{"start":{"line":129,"column":36},"end":{"line":131,"column":3}},"line":129},"10":{"name":"(anonymous_10)","decl":{"start":{"line":130,"column":14},"end":{"line":130,"column":15}},"loc":{"start":{"line":130,"column":25},"end":{"line":130,"column":59}},"line":130},"11":{"name":"renderTabToggle","decl":{"start":{"line":137,"column":11},"end":{"line":137,"column":26}},"loc":{"start":{"line":137,"column":29},"end":{"line":162,"column":3}},"line":137},"12":{"name":"(anonymous_12)","decl":{"start":{"line":142,"column":19},"end":{"line":142,"column":20}},"loc":{"start":{"line":142,"column":25},"end":{"line":142,"column":51}},"line":142},"13":{"name":"(anonymous_13)","decl":{"start":{"line":152,"column":19},"end":{"line":152,"column":20}},"loc":{"start":{"line":152,"column":25},"end":{"line":152,"column":52}},"line":152},"14":{"name":"renderFeedback","decl":{"start":{"line":164,"column":11},"end":{"line":164,"column":25}},"loc":{"start":{"line":164,"column":28},"end":{"line":180,"column":3}},"line":164},"15":{"name":"renderPreviewAndUpload","decl":{"start":{"line":182,"column":11},"end":{"line":182,"column":33}},"loc":{"start":{"line":182,"column":36},"end":{"line":211,"column":3}},"line":182},"16":{"name":"renderCameraContent","decl":{"start":{"line":213,"column":11},"end":{"line":213,"column":30}},"loc":{"start":{"line":213,"column":33},"end":{"line":268,"column":3}},"line":213},"17":{"name":"renderGalleryContent","decl":{"start":{"line":270,"column":11},"end":{"line":270,"column":31}},"loc":{"start":{"line":270,"column":34},"end":{"line":288,"column":3}},"line":270}},"branchMap":{"0":{"loc":{"start":{"line":64,"column":6},"end":{"line":69,"column":7}},"type":"if","locations":[{"start":{"line":64,"column":6},"end":{"line":69,"column":7}},{"start":{"line":66,"column":13},"end":{"line":69,"column":7}}],"line":64},"1":{"loc":{"start":{"line":72,"column":22},"end":{"line":72,"column":86}},"type":"cond-expr","locations":[{"start":{"line":72,"column":45},"end":{"line":72,"column":56}},{"start":{"line":72,"column":59},"end":{"line":72,"column":86}}],"line":72},"2":{"loc":{"start":{"line":95,"column":4},"end":{"line":97,"column":5}},"type":"if","locations":[{"start":{"line":95,"column":4},"end":{"line":97,"column":5}},{"start":{},"end":{}}],"line":95},"3":{"loc":{"start":{"line":117,"column":4},"end":{"line":119,"column":5}},"type":"if","locations":[{"start":{"line":117,"column":4},"end":{"line":119,"column":5}},{"start":{},"end":{}}],"line":117},"4":{"loc":{"start":{"line":117,"column":8},"end":{"line":117,"column":49}},"type":"binary-expr","locations":[{"start":{"line":117,"column":8},"end":{"line":117,"column":24}},{"start":{"line":117,"column":28},"end":{"line":117,"column":49}}],"line":117},"5":{"loc":{"start":{"line":123,"column":4},"end":{"line":123,"column":37}},"type":"if","locations":[{"start":{"line":123,"column":4},"end":{"line":123,"column":37}},{"start":{},"end":{}}],"line":123},"6":{"loc":{"start":{"line":123,"column":8},"end":{"line":123,"column":28}},"type":"binary-expr","locations":[{"start":{"line":123,"column":8},"end":{"line":123,"column":13}},{"start":{"line":123,"column":17},"end":{"line":123,"column":28}}],"line":123},"7":{"loc":{"start":{"line":130,"column":25},"end":{"line":130,"column":59}},"type":"cond-expr","locations":[{"start":{"line":130,"column":43},"end":{"line":130,"column":50}},{"start":{"line":130,"column":53},"end":{"line":130,"column":59}}],"line":130},"8":{"loc":{"start":{"line":141,"column":36},"end":{"line":141,"column":79}},"type":"binary-expr","locations":[{"start":{"line":141,"column":36},"end":{"line":141,"column":53}},{"start":{"line":141,"column":57},"end":{"line":141,"column":79}}],"line":141},"9":{"loc":{"start":{"line":146,"column":46},"end":{"line":146,"column":93}},"type":"binary-expr","locations":[{"start":{"line":146,"column":46},"end":{"line":146,"column":63}},{"start":{"line":146,"column":67},"end":{"line":146,"column":93}}],"line":146},"10":{"loc":{"start":{"line":151,"column":36},"end":{"line":151,"column":80}},"type":"binary-expr","locations":[{"start":{"line":151,"column":36},"end":{"line":151,"column":54}},{"start":{"line":151,"column":58},"end":{"line":151,"column":80}}],"line":151},"11":{"loc":{"start":{"line":156,"column":46},"end":{"line":156,"column":94}},"type":"binary-expr","locations":[{"start":{"line":156,"column":46},"end":{"line":156,"column":64}},{"start":{"line":156,"column":68},"end":{"line":156,"column":94}}],"line":156},"12":{"loc":{"start":{"line":165,"column":4},"end":{"line":171,"column":5}},"type":"if","locations":[{"start":{"line":165,"column":4},"end":{"line":171,"column":5}},{"start":{},"end":{}}],"line":165},"13":{"loc":{"start":{"line":172,"column":4},"end":{"line":178,"column":5}},"type":"if","locations":[{"start":{"line":172,"column":4},"end":{"line":178,"column":5}},{"start":{},"end":{}}],"line":172},"14":{"loc":{"start":{"line":185,"column":30},"end":{"line":185,"column":46}},"type":"binary-expr","locations":[{"start":{"line":185,"column":30},"end":{"line":185,"column":40}},{"start":{"line":185,"column":44},"end":{"line":185,"column":46}}],"line":185},"15":{"loc":{"start":{"line":187,"column":9},"end":{"line":208,"column":9}},"type":"cond-expr","locations":[{"start":{"line":188,"column":10},"end":{"line":188,"column":82}},{"start":{"line":190,"column":10},"end":{"line":207,"column":17}}],"line":187},"16":{"loc":{"start":{"line":214,"column":4},"end":{"line":221,"column":5}},"type":"if","locations":[{"start":{"line":214,"column":4},"end":{"line":221,"column":5}},{"start":{},"end":{}}],"line":214},"17":{"loc":{"start":{"line":223,"column":4},"end":{"line":237,"column":5}},"type":"if","locations":[{"start":{"line":223,"column":4},"end":{"line":237,"column":5}},{"start":{},"end":{}}],"line":223},"18":{"loc":{"start":{"line":239,"column":4},"end":{"line":241,"column":5}},"type":"if","locations":[{"start":{"line":239,"column":4},"end":{"line":241,"column":5}},{"start":{},"end":{}}],"line":239},"19":{"loc":{"start":{"line":253,"column":49},"end":{"line":253,"column":82}},"type":"cond-expr","locations":[{"start":{"line":253,"column":73},"end":{"line":253,"column":76}},{"start":{"line":253,"column":79},"end":{"line":253,"column":82}}],"line":253},"20":{"loc":{"start":{"line":271,"column":4},"end":{"line":273,"column":5}},"type":"if","locations":[{"start":{"line":271,"column":4},"end":{"line":273,"column":5}},{"start":{},"end":{}}],"line":271},"21":{"loc":{"start":{"line":299,"column":11},"end":{"line":299,"column":77}},"type":"cond-expr","locations":[{"start":{"line":299,"column":31},"end":{"line":299,"column":52}},{"start":{"line":299,"column":55},"end":{"line":299,"column":77}}],"line":299}},"s":{"0":0,"1":0,"2":0,"3":0,"4":0,"5":0,"6":0,"7":0,"8":0,"9":0,"10":0,"11":0,"12":0,"13":0,"14":0,"15":0,"16":0,"17":0,"18":0,"19":0,"20":0,"21":0,"22":0,"23":0,"24":0,"25":0,"26":0,"27":0,"28":0,"29":0,"30":0,"31":0,"32":0,"33":0,"34":0,"35":0,"36":0,"37":0,"38":0,"39":0,"40":0,"41":0,"42":0,"43":0,"44":0,"45":0,"46":0,"47":0,"48":0,"49":0,"50":0,"51":0,"52":0,"53":0,"54":0,"55":0,"56":0,"57":0,"58":0,"59":0,"60":0,"61":0,"62":0,"63":0,"64":0},"f":{"0":0,"1":0,"2":0,"3":0,"4":0,"5":0,"6":0,"7":0,"8":0,"9":0,"10":0,"11":0,"12":0,"13":0,"14":0,"15":0,"16":0,"17":0},"b":{"0":[0,0],"1":[0,0],"2":[0,0],"3":[0,0],"4":[0,0],"5":[0,0],"6":[0,0],"7":[0,0],"8":[0,0],"9":[0,0],"10":[0,0],"11":[0,0],"12":[0,0],"13":[0,0],"14":[0,0],"15":[0,0],"16":[0,0],"17":[0,0],"18":[0,0],"19":[0,0],"20":[0,0],"21":[0,0]}}
,"/Users/fmartinezvidal/Documents/github/radar-app/app/(protected)/(tabs)/explore.tsx": {"path":"/Users/fmartinezvidal/Documents/github/radar-app/app/(protected)/(tabs)/explore.tsx","statementMap":{"0":{"start":{"line":13,"column":2},"end":{"line":100,"column":4}},"1":{"start":{"line":103,"column":15},"end":{"line":114,"column":2}}},"fnMap":{"0":{"name":"TabTwoScreen","decl":{"start":{"line":12,"column":24},"end":{"line":12,"column":36}},"loc":{"start":{"line":12,"column":39},"end":{"line":101,"column":1}},"line":12}},"branchMap":{},"s":{"0":0,"1":0},"f":{"0":0},"b":{}}
,"/Users/fmartinezvidal/Documents/github/radar-app/app/(protected)/(tabs)/index.tsx": {"path":"/Users/fmartinezvidal/Documents/github/radar-app/app/(protected)/(tabs)/index.tsx","statementMap":{"0":{"start":{"line":13,"column":24},"end":{"line":16,"column":3}},"1":{"start":{"line":14,"column":4},"end":{"line":14,"column":34}},"2":{"start":{"line":15,"column":4},"end":{"line":15,"column":36}},"3":{"start":{"line":18,"column":2},"end":{"line":95,"column":4}},"4":{"start":{"line":54,"column":71},"end":{"line":54,"column":94}},"5":{"start":{"line":58,"column":29},"end":{"line":58,"column":51}},"6":{"start":{"line":65,"column":31},"end":{"line":65,"column":54}},"7":{"start":{"line":98,"column":15},"end":{"line":128,"column":2}}},"fnMap":{"0":{"name":"HomeScreen","decl":{"start":{"line":12,"column":24},"end":{"line":12,"column":34}},"loc":{"start":{"line":12,"column":37},"end":{"line":96,"column":1}},"line":12},"1":{"name":"(anonymous_1)","decl":{"start":{"line":13,"column":24},"end":{"line":13,"column":25}},"loc":{"start":{"line":13,"column":51},"end":{"line":16,"column":3}},"line":13},"2":{"name":"(anonymous_2)","decl":{"start":{"line":54,"column":65},"end":{"line":54,"column":66}},"loc":{"start":{"line":54,"column":71},"end":{"line":54,"column":94}},"line":54},"3":{"name":"(anonymous_3)","decl":{"start":{"line":58,"column":23},"end":{"line":58,"column":24}},"loc":{"start":{"line":58,"column":29},"end":{"line":58,"column":51}},"line":58},"4":{"name":"(anonymous_4)","decl":{"start":{"line":65,"column":25},"end":{"line":65,"column":26}},"loc":{"start":{"line":65,"column":31},"end":{"line":65,"column":54}},"line":65}},"branchMap":{},"s":{"0":0,"1":0,"2":0,"3":0,"4":0,"5":0,"6":0,"7":0},"f":{"0":0,"1":0,"2":0,"3":0,"4":0},"b":{}}
,"/Users/fmartinezvidal/Documents/github/radar-app/components/external-link.tsx": {"path":"/Users/fmartinezvidal/Documents/github/radar-app/components/external-link.tsx","statementMap":{"0":{"start":{"line":8,"column":2},"end":{"line":24,"column":4}},"1":{"start":{"line":14,"column":8},"end":{"line":21,"column":9}},"2":{"start":{"line":16,"column":10},"end":{"line":16,"column":33}},"3":{"start":{"line":18,"column":10},"end":{"line":20,"column":13}}},"fnMap":{"0":{"name":"ExternalLink","decl":{"start":{"line":7,"column":16},"end":{"line":7,"column":28}},"loc":{"start":{"line":7,"column":55},"end":{"line":25,"column":1}},"line":7},"1":{"name":"(anonymous_1)","decl":{"start":{"line":13,"column":15},"end":{"line":13,"column":16}},"loc":{"start":{"line":13,"column":32},"end":{"line":22,"column":7}},"line":13}},"branchMap":{"0":{"loc":{"start":{"line":14,"column":8},"end":{"line":21,"column":9}},"type":"if","locations":[{"start":{"line":14,"column":8},"end":{"line":21,"column":9}},{"start":{},"end":{}}],"line":14}},"s":{"0":0,"1":0,"2":0,"3":0},"f":{"0":0,"1":0},"b":{"0":[0,0]}}
,"/Users/fmartinezvidal/Documents/github/radar-app/components/haptic-tab.tsx": {"path":"/Users/fmartinezvidal/Documents/github/radar-app/components/haptic-tab.tsx","statementMap":{"0":{"start":{"line":6,"column":2},"end":{"line":17,"column":4}},"1":{"start":{"line":10,"column":8},"end":{"line":13,"column":9}},"2":{"start":{"line":12,"column":10},"end":{"line":12,"column":65}},"3":{"start":{"line":14,"column":8},"end":{"line":14,"column":30}}},"fnMap":{"0":{"name":"HapticTab","decl":{"start":{"line":5,"column":16},"end":{"line":5,"column":25}},"loc":{"start":{"line":5,"column":58},"end":{"line":18,"column":1}},"line":5},"1":{"name":"(anonymous_1)","decl":{"start":{"line":9,"column":17},"end":{"line":9,"column":18}},"loc":{"start":{"line":9,"column":25},"end":{"line":15,"column":7}},"line":9}},"branchMap":{"0":{"loc":{"start":{"line":10,"column":8},"end":{"line":13,"column":9}},"type":"if","locations":[{"start":{"line":10,"column":8},"end":{"line":13,"column":9}},{"start":{},"end":{}}],"line":10}},"s":{"0":0,"1":0,"2":0,"3":0},"f":{"0":0,"1":0},"b":{"0":[0,0]}}
,"/Users/fmartinezvidal/Documents/github/radar-app/components/hello-wave.tsx": {"path":"/Users/fmartinezvidal/Documents/github/radar-app/components/hello-wave.tsx","statementMap":{"0":{"start":{"line":4,"column":2},"end":{"line":19,"column":4}}},"fnMap":{"0":{"name":"HelloWave","decl":{"start":{"line":3,"column":16},"end":{"line":3,"column":25}},"loc":{"start":{"line":3,"column":28},"end":{"line":20,"column":1}},"line":3}},"branchMap":{},"s":{"0":0},"f":{"0":0},"b":{}}
,"/Users/fmartinezvidal/Documents/github/radar-app/components/parallax-scroll-view.tsx": {"path":"/Users/fmartinezvidal/Documents/github/radar-app/components/parallax-scroll-view.tsx","statementMap":{"0":{"start":{"line":14,"column":22},"end":{"line":14,"column":25}},"1":{"start":{"line":26,"column":26},"end":{"line":26,"column":57}},"2":{"start":{"line":27,"column":22},"end":{"line":27,"column":49}},"3":{"start":{"line":28,"column":20},"end":{"line":28,"column":57}},"4":{"start":{"line":29,"column":23},"end":{"line":29,"column":49}},"5":{"start":{"line":30,"column":30},"end":{"line":45,"column":4}},"6":{"start":{"line":31,"column":4},"end":{"line":44,"column":6}},"7":{"start":{"line":47,"column":2},"end":{"line":64,"column":4}},"8":{"start":{"line":67,"column":15},"end":{"line":81,"column":2}}},"fnMap":{"0":{"name":"ParallaxScrollView","decl":{"start":{"line":21,"column":24},"end":{"line":21,"column":42}},"loc":{"start":{"line":25,"column":10},"end":{"line":65,"column":1}},"line":25},"1":{"name":"(anonymous_1)","decl":{"start":{"line":30,"column":47},"end":{"line":30,"column":48}},"loc":{"start":{"line":30,"column":53},"end":{"line":45,"column":3}},"line":30}},"branchMap":{"0":{"loc":{"start":{"line":27,"column":22},"end":{"line":27,"column":49}},"type":"binary-expr","locations":[{"start":{"line":27,"column":22},"end":{"line":27,"column":38}},{"start":{"line":27,"column":42},"end":{"line":27,"column":49}}],"line":27}},"s":{"0":0,"1":0,"2":0,"3":0,"4":0,"5":0,"6":0,"7":0,"8":0},"f":{"0":0,"1":0},"b":{"0":[0,0]}}
,"/Users/fmartinezvidal/Documents/github/radar-app/components/providers.tsx": {"path":"/Users/fmartinezvidal/Documents/github/radar-app/components/providers.tsx","statementMap":{"0":{"start":{"line":11,"column":2},"end":{"line":11,"column":84}}},"fnMap":{"0":{"name":"Providers","decl":{"start":{"line":10,"column":24},"end":{"line":10,"column":33}},"loc":{"start":{"line":10,"column":64},"end":{"line":12,"column":1}},"line":10}},"branchMap":{},"s":{"0":0},"f":{"0":0},"b":{}}
,"/Users/fmartinezvidal/Documents/github/radar-app/components/themed-text.tsx": {"path":"/Users/fmartinezvidal/Documents/github/radar-app/components/themed-text.tsx","statementMap":{"0":{"start":{"line":18,"column":16},"end":{"line":18,"column":77}},"1":{"start":{"line":20,"column":2},"end":{"line":33,"column":4}},"2":{"start":{"line":36,"column":15},"end":{"line":60,"column":2}}},"fnMap":{"0":{"name":"ThemedText","decl":{"start":{"line":11,"column":16},"end":{"line":11,"column":26}},"loc":{"start":{"line":17,"column":20},"end":{"line":34,"column":1}},"line":17}},"branchMap":{"0":{"loc":{"start":{"line":15,"column":2},"end":{"line":15,"column":18}},"type":"default-arg","locations":[{"start":{"line":15,"column":9},"end":{"line":15,"column":18}}],"line":15},"1":{"loc":{"start":{"line":24,"column":8},"end":{"line":24,"column":55}},"type":"cond-expr","locations":[{"start":{"line":24,"column":29},"end":{"line":24,"column":43}},{"start":{"line":24,"column":46},"end":{"line":24,"column":55}}],"line":24},"2":{"loc":{"start":{"line":25,"column":8},"end":{"line":25,"column":51}},"type":"cond-expr","locations":[{"start":{"line":25,"column":27},"end":{"line":25,"column":39}},{"start":{"line":25,"column":42},"end":{"line":25,"column":51}}],"line":25},"3":{"loc":{"start":{"line":26,"column":8},"end":{"line":26,"column":71}},"type":"cond-expr","locations":[{"start":{"line":26,"column":37},"end":{"line":26,"column":59}},{"start":{"line":26,"column":62},"end":{"line":26,"column":71}}],"line":26},"4":{"loc":{"start":{"line":27,"column":8},"end":{"line":27,"column":57}},"type":"cond-expr","locations":[{"start":{"line":27,"column":30},"end":{"line":27,"column":45}},{"start":{"line":27,"column":48},"end":{"line":27,"column":57}}],"line":27},"5":{"loc":{"start":{"line":28,"column":8},"end":{"line":28,"column":49}},"type":"cond-expr","locations":[{"start":{"line":28,"column":26},"end":{"line":28,"column":37}},{"start":{"line":28,"column":40},"end":{"line":28,"column":49}}],"line":28}},"s":{"0":0,"1":0,"2":0},"f":{"0":0},"b":{"0":[0],"1":[0,0],"2":[0,0],"3":[0,0],"4":[0,0],"5":[0,0]}}
,"/Users/fmartinezvidal/Documents/github/radar-app/components/themed-view.tsx": {"path":"/Users/fmartinezvidal/Documents/github/radar-app/components/themed-view.tsx","statementMap":{"0":{"start":{"line":11,"column":26},"end":{"line":11,"column":93}},"1":{"start":{"line":13,"column":2},"end":{"line":13,"column":71}}},"fnMap":{"0":{"name":"ThemedView","decl":{"start":{"line":10,"column":16},"end":{"line":10,"column":26}},"loc":{"start":{"line":10,"column":93},"end":{"line":14,"column":1}},"line":10}},"branchMap":{},"s":{"0":0,"1":0},"f":{"0":0},"b":{}}
,"/Users/fmartinezvidal/Documents/github/radar-app/components/ui/collapsible.tsx": {"path":"/Users/fmartinezvidal/Documents/github/radar-app/components/ui/collapsible.tsx","statementMap":{"0":{"start":{"line":11,"column":30},"end":{"line":11,"column":45}},"1":{"start":{"line":12,"column":16},"end":{"line":12,"column":43}},"2":{"start":{"line":14,"column":2},"end":{"line":33,"column":4}},"3":{"start":{"line":18,"column":23},"end":{"line":18,"column":51}},"4":{"start":{"line":18,"column":44},"end":{"line":18,"column":50}},"5":{"start":{"line":36,"column":15},"end":{"line":46,"column":2}}},"fnMap":{"0":{"name":"Collapsible","decl":{"start":{"line":10,"column":16},"end":{"line":10,"column":27}},"loc":{"start":{"line":10,"column":88},"end":{"line":34,"column":1}},"line":10},"1":{"name":"(anonymous_1)","decl":{"start":{"line":18,"column":17},"end":{"line":18,"column":18}},"loc":{"start":{"line":18,"column":23},"end":{"line":18,"column":51}},"line":18},"2":{"name":"(anonymous_2)","decl":{"start":{"line":18,"column":33},"end":{"line":18,"column":34}},"loc":{"start":{"line":18,"column":44},"end":{"line":18,"column":50}},"line":18}},"branchMap":{"0":{"loc":{"start":{"line":12,"column":16},"end":{"line":12,"column":43}},"type":"binary-expr","locations":[{"start":{"line":12,"column":16},"end":{"line":12,"column":32}},{"start":{"line":12,"column":36},"end":{"line":12,"column":43}}],"line":12},"1":{"loc":{"start":{"line":25,"column":17},"end":{"line":25,"column":73}},"type":"cond-expr","locations":[{"start":{"line":25,"column":37},"end":{"line":25,"column":54}},{"start":{"line":25,"column":57},"end":{"line":25,"column":73}}],"line":25},"2":{"loc":{"start":{"line":26,"column":41},"end":{"line":26,"column":66}},"type":"cond-expr","locations":[{"start":{"line":26,"column":50},"end":{"line":26,"column":57}},{"start":{"line":26,"column":60},"end":{"line":26,"column":66}}],"line":26},"3":{"loc":{"start":{"line":31,"column":7},"end":{"line":31,"column":75}},"type":"binary-expr","locations":[{"start":{"line":31,"column":7},"end":{"line":31,"column":13}},{"start":{"line":31,"column":17},"end":{"line":31,"column":75}}],"line":31}},"s":{"0":0,"1":0,"2":0,"3":0,"4":0,"5":0},"f":{"0":0,"1":0,"2":0},"b":{"0":[0,0],"1":[0,0],"2":[0,0],"3":[0,0]}}
,"/Users/fmartinezvidal/Documents/github/radar-app/components/ui/icon-symbol.ios.tsx": {"path":"/Users/fmartinezvidal/Documents/github/radar-app/components/ui/icon-symbol.ios.tsx","statementMap":{"0":{"start":{"line":17,"column":2},"end":{"line":31,"column":4}}},"fnMap":{"0":{"name":"IconSymbol","decl":{"start":{"line":4,"column":16},"end":{"line":4,"column":26}},"loc":{"start":{"line":16,"column":3},"end":{"line":32,"column":1}},"line":16}},"branchMap":{"0":{"loc":{"start":{"line":6,"column":2},"end":{"line":6,"column":11}},"type":"default-arg","locations":[{"start":{"line":6,"column":9},"end":{"line":6,"column":11}}],"line":6},"1":{"loc":{"start":{"line":9,"column":2},"end":{"line":9,"column":20}},"type":"default-arg","locations":[{"start":{"line":9,"column":11},"end":{"line":9,"column":20}}],"line":9}},"s":{"0":0},"f":{"0":0},"b":{"0":[0],"1":[0]}}
,"/Users/fmartinezvidal/Documents/github/radar-app/components/ui/icon-symbol.tsx": {"path":"/Users/fmartinezvidal/Documents/github/radar-app/components/ui/icon-symbol.tsx","statementMap":{"0":{"start":{"line":16,"column":16},"end":{"line":22,"column":16}},"1":{"start":{"line":41,"column":2},"end":{"line":41,"column":88}}},"fnMap":{"0":{"name":"IconSymbol","decl":{"start":{"line":29,"column":16},"end":{"line":29,"column":26}},"loc":{"start":{"line":40,"column":3},"end":{"line":42,"column":1}},"line":40}},"branchMap":{"0":{"loc":{"start":{"line":31,"column":2},"end":{"line":31,"column":11}},"type":"default-arg","locations":[{"start":{"line":31,"column":9},"end":{"line":31,"column":11}}],"line":31}},"s":{"0":0,"1":0},"f":{"0":0},"b":{"0":[0]}}
,"/Users/fmartinezvidal/Documents/github/radar-app/hooks/use-auth-listener.ts": {"path":"/Users/fmartinezvidal/Documents/github/radar-app/hooks/use-auth-listener.ts","statementMap":{"0":{"start":{"line":14,"column":2},"end":{"line":34,"column":9}},"1":{"start":{"line":16,"column":4},"end":{"line":18,"column":7}},"2":{"start":{"line":17,"column":6},"end":{"line":17,"column":50}},"3":{"start":{"line":23,"column":8},"end":{"line":29,"column":6}},"4":{"start":{"line":24,"column":6},"end":{"line":28,"column":9}},"5":{"start":{"line":31,"column":4},"end":{"line":33,"column":6}},"6":{"start":{"line":32,"column":6},"end":{"line":32,"column":33}}},"fnMap":{"0":{"name":"useAuthListener","decl":{"start":{"line":13,"column":16},"end":{"line":13,"column":31}},"loc":{"start":{"line":13,"column":40},"end":{"line":35,"column":1}},"line":13},"1":{"name":"(anonymous_1)","decl":{"start":{"line":14,"column":12},"end":{"line":14,"column":13}},"loc":{"start":{"line":14,"column":18},"end":{"line":34,"column":3}},"line":14},"2":{"name":"(anonymous_2)","decl":{"start":{"line":16,"column":41},"end":{"line":16,"column":42}},"loc":{"start":{"line":16,"column":68},"end":{"line":18,"column":5}},"line":16},"3":{"name":"(anonymous_3)","decl":{"start":{"line":23,"column":40},"end":{"line":23,"column":41}},"loc":{"start":{"line":23,"column":61},"end":{"line":29,"column":5}},"line":23},"4":{"name":"(anonymous_4)","decl":{"start":{"line":31,"column":11},"end":{"line":31,"column":12}},"loc":{"start":{"line":31,"column":17},"end":{"line":33,"column":5}},"line":31}},"branchMap":{"0":{"loc":{"start":{"line":26,"column":14},"end":{"line":26,"column":35}},"type":"binary-expr","locations":[{"start":{"line":26,"column":14},"end":{"line":26,"column":27}},{"start":{"line":26,"column":31},"end":{"line":26,"column":35}}],"line":26}},"s":{"0":0,"1":0,"2":0,"3":0,"4":0,"5":0,"6":0},"f":{"0":0,"1":0,"2":0,"3":0,"4":0},"b":{"0":[0,0]}}
,"/Users/fmartinezvidal/Documents/github/radar-app/hooks/use-color-scheme.ts": {"path":"/Users/fmartinezvidal/Documents/github/radar-app/hooks/use-color-scheme.ts","statementMap":{},"fnMap":{},"branchMap":{},"s":{},"f":{},"b":{}}
,"/Users/fmartinezvidal/Documents/github/radar-app/hooks/use-color-scheme.web.ts": {"path":"/Users/fmartinezvidal/Documents/github/radar-app/hooks/use-color-scheme.web.ts","statementMap":{"0":{"start":{"line":8,"column":40},"end":{"line":8,"column":55}},"1":{"start":{"line":10,"column":2},"end":{"line":12,"column":9}},"2":{"start":{"line":11,"column":4},"end":{"line":11,"column":25}},"3":{"start":{"line":14,"column":22},"end":{"line":14,"column":40}},"4":{"start":{"line":16,"column":2},"end":{"line":18,"column":3}},"5":{"start":{"line":17,"column":4},"end":{"line":17,"column":23}},"6":{"start":{"line":20,"column":2},"end":{"line":20,"column":17}}},"fnMap":{"0":{"name":"useColorScheme","decl":{"start":{"line":7,"column":16},"end":{"line":7,"column":30}},"loc":{"start":{"line":7,"column":33},"end":{"line":21,"column":1}},"line":7},"1":{"name":"(anonymous_1)","decl":{"start":{"line":10,"column":12},"end":{"line":10,"column":13}},"loc":{"start":{"line":10,"column":18},"end":{"line":12,"column":3}},"line":10}},"branchMap":{"0":{"loc":{"start":{"line":16,"column":2},"end":{"line":18,"column":3}},"type":"if","locations":[{"start":{"line":16,"column":2},"end":{"line":18,"column":3}},{"start":{},"end":{}}],"line":16}},"s":{"0":0,"1":0,"2":0,"3":0,"4":0,"5":0,"6":0},"f":{"0":0,"1":0},"b":{"0":[0,0]}}
,"/Users/fmartinezvidal/Documents/github/radar-app/hooks/use-register-push.ts": {"path":"/Users/fmartinezvidal/Documents/github/radar-app/hooks/use-register-push.ts","statementMap":{"0":{"start":{"line":12,"column":36},"end":{"line":12,"column":48}},"1":{"start":{"line":13,"column":24},"end":{"line":13,"column":37}},"2":{"start":{"line":15,"column":2},"end":{"line":34,"column":30}},"3":{"start":{"line":16,"column":4},"end":{"line":18,"column":5}},"4":{"start":{"line":17,"column":6},"end":{"line":17,"column":13}},"5":{"start":{"line":20,"column":4},"end":{"line":20,"column":33}},"6":{"start":{"line":22,"column":19},"end":{"line":22,"column":26}},"7":{"start":{"line":24,"column":4},"end":{"line":33,"column":9}},"8":{"start":{"line":25,"column":6},"end":{"line":32,"column":7}},"9":{"start":{"line":26,"column":22},"end":{"line":26,"column":63}},"10":{"start":{"line":27,"column":8},"end":{"line":29,"column":9}},"11":{"start":{"line":28,"column":10},"end":{"line":28,"column":55}},"12":{"start":{"line":31,"column":8},"end":{"line":31,"column":79}}},"fnMap":{"0":{"name":"useRegisterPush","decl":{"start":{"line":11,"column":16},"end":{"line":11,"column":31}},"loc":{"start":{"line":11,"column":40},"end":{"line":35,"column":1}},"line":11},"1":{"name":"(anonymous_1)","decl":{"start":{"line":15,"column":12},"end":{"line":15,"column":13}},"loc":{"start":{"line":15,"column":18},"end":{"line":34,"column":3}},"line":15},"2":{"name":"(anonymous_2)","decl":{"start":{"line":24,"column":10},"end":{"line":24,"column":11}},"loc":{"start":{"line":24,"column":22},"end":{"line":33,"column":5}},"line":24}},"branchMap":{"0":{"loc":{"start":{"line":16,"column":4},"end":{"line":18,"column":5}},"type":"if","locations":[{"start":{"line":16,"column":4},"end":{"line":18,"column":5}},{"start":{},"end":{}}],"line":16},"1":{"loc":{"start":{"line":16,"column":8},"end":{"line":16,"column":58}},"type":"binary-expr","locations":[{"start":{"line":16,"column":8},"end":{"line":16,"column":24}},{"start":{"line":16,"column":28},"end":{"line":16,"column":33}},{"start":{"line":16,"column":37},"end":{"line":16,"column":58}}],"line":16},"2":{"loc":{"start":{"line":27,"column":8},"end":{"line":29,"column":9}},"type":"if","locations":[{"start":{"line":27,"column":8},"end":{"line":29,"column":9}},{"start":{},"end":{}}],"line":27}},"s":{"0":0,"1":0,"2":0,"3":0,"4":0,"5":0,"6":0,"7":0,"8":0,"9":0,"10":0,"11":0,"12":0},"f":{"0":0,"1":0,"2":0},"b":{"0":[0,0],"1":[0,0,0],"2":[0,0]}}
,"/Users/fmartinezvidal/Documents/github/radar-app/hooks/use-session.ts": {"path":"/Users/fmartinezvidal/Documents/github/radar-app/hooks/use-session.ts","statementMap":{"0":{"start":{"line":4,"column":39},"end":{"line":4,"column":53}},"1":{"start":{"line":5,"column":2},"end":{"line":5,"column":66}}},"fnMap":{"0":{"name":"useSession","decl":{"start":{"line":3,"column":16},"end":{"line":3,"column":26}},"loc":{"start":{"line":3,"column":29},"end":{"line":6,"column":1}},"line":3}},"branchMap":{},"s":{"0":12,"1":12},"f":{"0":12},"b":{},"_coverageSchema":"1a1c01bbd47fc00a2c39e90264f33305004495a9","hash":"f5f6c3bc66a396a0ff4c62f939486b40c9607a14"}
,"/Users/fmartinezvidal/Documents/github/radar-app/hooks/use-theme-color.ts": {"path":"/Users/fmartinezvidal/Documents/github/radar-app/hooks/use-theme-color.ts","statementMap":{"0":{"start":{"line":13,"column":16},"end":{"line":13,"column":43}},"1":{"start":{"line":14,"column":25},"end":{"line":14,"column":37}},"2":{"start":{"line":16,"column":2},"end":{"line":20,"column":3}},"3":{"start":{"line":17,"column":4},"end":{"line":17,"column":26}},"4":{"start":{"line":19,"column":4},"end":{"line":19,"column":36}}},"fnMap":{"0":{"name":"useThemeColor","decl":{"start":{"line":9,"column":16},"end":{"line":9,"column":29}},"loc":{"start":{"line":12,"column":2},"end":{"line":21,"column":1}},"line":12}},"branchMap":{"0":{"loc":{"start":{"line":13,"column":16},"end":{"line":13,"column":43}},"type":"binary-expr","locations":[{"start":{"line":13,"column":16},"end":{"line":13,"column":32}},{"start":{"line":13,"column":36},"end":{"line":13,"column":43}}],"line":13},"1":{"loc":{"start":{"line":16,"column":2},"end":{"line":20,"column":3}},"type":"if","locations":[{"start":{"line":16,"column":2},"end":{"line":20,"column":3}},{"start":{"line":18,"column":9},"end":{"line":20,"column":3}}],"line":16}},"s":{"0":0,"1":0,"2":0,"3":0,"4":0},"f":{"0":0},"b":{"0":[0,0],"1":[0,0]}}
,"/Users/fmartinezvidal/Documents/github/radar-app/lib/notifications.ts": {"path":"/Users/fmartinezvidal/Documents/github/radar-app/lib/notifications.ts","statementMap":{"0":{"start":{"line":11,"column":0},"end":{"line":18,"column":3}},"1":{"start":{"line":12,"column":35},"end":{"line":17,"column":3}},"2":{"start":{"line":25,"column":2},"end":{"line":32,"column":3}},"3":{"start":{"line":26,"column":4},"end":{"line":31,"column":7}},"4":{"start":{"line":34,"column":2},"end":{"line":37,"column":3}},"5":{"start":{"line":35,"column":4},"end":{"line":35,"column":98}},"6":{"start":{"line":36,"column":4},"end":{"line":36,"column":16}},"7":{"start":{"line":39,"column":37},"end":{"line":39,"column":78}},"8":{"start":{"line":40,"column":20},"end":{"line":40,"column":34}},"9":{"start":{"line":42,"column":2},"end":{"line":45,"column":3}},"10":{"start":{"line":43,"column":23},"end":{"line":43,"column":68}},"11":{"start":{"line":44,"column":4},"end":{"line":44,"column":25}},"12":{"start":{"line":47,"column":2},"end":{"line":50,"column":3}},"13":{"start":{"line":48,"column":4},"end":{"line":48,"column":78}},"14":{"start":{"line":49,"column":4},"end":{"line":49,"column":16}},"15":{"start":{"line":52,"column":20},"end":{"line":52,"column":85}},"16":{"start":{"line":53,"column":2},"end":{"line":59,"column":3}},"17":{"start":{"line":54,"column":4},"end":{"line":57,"column":6}},"18":{"start":{"line":58,"column":4},"end":{"line":58,"column":16}},"19":{"start":{"line":61,"column":26},"end":{"line":61,"column":82}},"20":{"start":{"line":62,"column":2},"end":{"line":62,"column":15}},"21":{"start":{"line":75,"column":2},"end":{"line":110,"column":3}},"22":{"start":{"line":77,"column":15},"end":{"line":77,"column":41}},"23":{"start":{"line":78,"column":22},"end":{"line":86,"column":63}},"24":{"start":{"line":88,"column":4},"end":{"line":98,"column":5}},"25":{"start":{"line":90,"column":6},"end":{"line":96,"column":7}},"26":{"start":{"line":91,"column":8},"end":{"line":94,"column":10}},"27":{"start":{"line":95,"column":8},"end":{"line":95,"column":15}},"28":{"start":{"line":97,"column":6},"end":{"line":97,"column":18}},"29":{"start":{"line":101,"column":17},"end":{"line":101,"column":49}},"30":{"start":{"line":102,"column":4},"end":{"line":108,"column":5}},"31":{"start":{"line":103,"column":6},"end":{"line":106,"column":8}},"32":{"start":{"line":107,"column":6},"end":{"line":107,"column":13}},"33":{"start":{"line":109,"column":4},"end":{"line":109,"column":14}},"34":{"start":{"line":118,"column":2},"end":{"line":126,"column":9}},"35":{"start":{"line":119,"column":25},"end":{"line":121,"column":6}},"36":{"start":{"line":120,"column":6},"end":{"line":120,"column":93}},"37":{"start":{"line":123,"column":4},"end":{"line":125,"column":6}},"38":{"start":{"line":124,"column":6},"end":{"line":124,"column":28}}},"fnMap":{"0":{"name":"(anonymous_0)","decl":{"start":{"line":12,"column":22},"end":{"line":12,"column":23}},"loc":{"start":{"line":12,"column":35},"end":{"line":17,"column":3}},"line":12},"1":{"name":"registerForPushNotificationsAsync","decl":{"start":{"line":24,"column":22},"end":{"line":24,"column":55}},"loc":{"start":{"line":24,"column":82},"end":{"line":63,"column":1}},"line":24},"2":{"name":"savePushTokenToSupabase","decl":{"start":{"line":74,"column":22},"end":{"line":74,"column":45}},"loc":{"start":{"line":74,"column":92},"end":{"line":111,"column":1}},"line":74},"3":{"name":"useNotificationObserver","decl":{"start":{"line":117,"column":16},"end":{"line":117,"column":39}},"loc":{"start":{"line":117,"column":48},"end":{"line":127,"column":1}},"line":117},"4":{"name":"(anonymous_4)","decl":{"start":{"line":118,"column":12},"end":{"line":118,"column":13}},"loc":{"start":{"line":118,"column":18},"end":{"line":126,"column":3}},"line":118},"5":{"name":"(anonymous_5)","decl":{"start":{"line":119,"column":79},"end":{"line":119,"column":80}},"loc":{"start":{"line":119,"column":93},"end":{"line":121,"column":5}},"line":119},"6":{"name":"(anonymous_6)","decl":{"start":{"line":123,"column":11},"end":{"line":123,"column":12}},"loc":{"start":{"line":123,"column":17},"end":{"line":125,"column":5}},"line":123}},"branchMap":{"0":{"loc":{"start":{"line":25,"column":2},"end":{"line":32,"column":3}},"type":"if","locations":[{"start":{"line":25,"column":2},"end":{"line":32,"column":3}},{"start":{},"end":{}}],"line":25},"1":{"loc":{"start":{"line":34,"column":2},"end":{"line":37,"column":3}},"type":"if","locations":[{"start":{"line":34,"column":2},"end":{"line":37,"column":3}},{"start":{},"end":{}}],"line":34},"2":{"loc":{"start":{"line":42,"column":2},"end":{"line":45,"column":3}},"type":"if","locations":[{"start":{"line":42,"column":2},"end":{"line":45,"column":3}},{"start":{},"end":{}}],"line":42},"3":{"loc":{"start":{"line":47,"column":2},"end":{"line":50,"column":3}},"type":"if","locations":[{"start":{"line":47,"column":2},"end":{"line":50,"column":3}},{"start":{},"end":{}}],"line":47},"4":{"loc":{"start":{"line":53,"column":2},"end":{"line":59,"column":3}},"type":"if","locations":[{"start":{"line":53,"column":2},"end":{"line":59,"column":3}},{"start":{},"end":{}}],"line":53},"5":{"loc":{"start":{"line":88,"column":4},"end":{"line":98,"column":5}},"type":"if","locations":[{"start":{"line":88,"column":4},"end":{"line":98,"column":5}},{"start":{},"end":{}}],"line":88},"6":{"loc":{"start":{"line":90,"column":6},"end":{"line":96,"column":7}},"type":"if","locations":[{"start":{"line":90,"column":6},"end":{"line":96,"column":7}},{"start":{},"end":{}}],"line":90},"7":{"loc":{"start":{"line":102,"column":4},"end":{"line":108,"column":5}},"type":"if","locations":[{"start":{"line":102,"column":4},"end":{"line":108,"column":5}},{"start":{},"end":{}}],"line":102}},"s":{"0":0,"1":0,"2":0,"3":0,"4":0,"5":0,"6":0,"7":0,"8":0,"9":0,"10":0,"11":0,"12":0,"13":0,"14":0,"15":0,"16":0,"17":0,"18":0,"19":0,"20":0,"21":0,"22":0,"23":0,"24":0,"25":0,"26":0,"27":0,"28":0,"29":0,"30":0,"31":0,"32":0,"33":0,"34":0,"35":0,"36":0,"37":0,"38":0},"f":{"0":0,"1":0,"2":0,"3":0,"4":0,"5":0,"6":0},"b":{"0":[0,0],"1":[0,0],"2":[0,0],"3":[0,0],"4":[0,0],"5":[0,0],"6":[0,0],"7":[0,0]}}
,"/Users/fmartinezvidal/Documents/github/radar-app/lib/query-client.ts": {"path":"/Users/fmartinezvidal/Documents/github/radar-app/lib/query-client.ts","statementMap":{"0":{"start":{"line":17,"column":27},"end":{"line":26,"column":2}}},"fnMap":{},"branchMap":{},"s":{"0":0},"f":{},"b":{}}
,"/Users/fmartinezvidal/Documents/github/radar-app/lib/storage.ts": {"path":"/Users/fmartinezvidal/Documents/github/radar-app/lib/storage.ts","statementMap":{"0":{"start":{"line":21,"column":2},"end":{"line":21,"column":48}},"1":{"start":{"line":26,"column":22},"end":{"line":26,"column":48}},"2":{"start":{"line":27,"column":19},"end":{"line":27,"column":47}},"3":{"start":{"line":28,"column":2},"end":{"line":28,"column":75}},"4":{"start":{"line":28,"column":62},"end":{"line":28,"column":75}},"5":{"start":{"line":29,"column":2},"end":{"line":29,"column":55}},"6":{"start":{"line":34,"column":2},"end":{"line":53,"column":3}},"7":{"start":{"line":37,"column":6},"end":{"line":37,"column":26}},"8":{"start":{"line":39,"column":6},"end":{"line":39,"column":25}},"9":{"start":{"line":41,"column":6},"end":{"line":41,"column":25}},"10":{"start":{"line":43,"column":6},"end":{"line":43,"column":26}},"11":{"start":{"line":46,"column":6},"end":{"line":46,"column":26}},"12":{"start":{"line":48,"column":6},"end":{"line":48,"column":25}},"13":{"start":{"line":50,"column":6},"end":{"line":50,"column":31}},"14":{"start":{"line":52,"column":6},"end":{"line":52,"column":40}},"15":{"start":{"line":68,"column":48},"end":{"line":68,"column":52}},"16":{"start":{"line":70,"column":14},"end":{"line":70,"column":39}},"17":{"start":{"line":71,"column":22},"end":{"line":71,"column":61}},"18":{"start":{"line":73,"column":20},"end":{"line":73,"column":30}},"19":{"start":{"line":74,"column":15},"end":{"line":74,"column":64}},"20":{"start":{"line":77,"column":19},"end":{"line":77,"column":39}},"21":{"start":{"line":78,"column":22},"end":{"line":78,"column":50}},"22":{"start":{"line":80,"column":33},"end":{"line":82,"column":62}},"23":{"start":{"line":84,"column":2},"end":{"line":102,"column":3}},"24":{"start":{"line":85,"column":20},"end":{"line":85,"column":45}},"25":{"start":{"line":87,"column":6},"end":{"line":92,"column":87}},"26":{"start":{"line":94,"column":4},"end":{"line":99,"column":5}},"27":{"start":{"line":95,"column":6},"end":{"line":97,"column":8}},"28":{"start":{"line":98,"column":6},"end":{"line":98,"column":18}},"29":{"start":{"line":101,"column":4},"end":{"line":101,"column":22}},"30":{"start":{"line":104,"column":28},"end":{"line":104,"column":76}},"31":{"start":{"line":106,"column":2},"end":{"line":106,"column":48}}},"fnMap":{"0":{"name":"randomSuffix","decl":{"start":{"line":20,"column":9},"end":{"line":20,"column":21}},"loc":{"start":{"line":20,"column":32},"end":{"line":22,"column":1}},"line":20},"1":{"name":"extensionFromUri","decl":{"start":{"line":25,"column":9},"end":{"line":25,"column":25}},"loc":{"start":{"line":25,"column":47},"end":{"line":30,"column":1}},"line":25},"2":{"name":"mimeFromExtension","decl":{"start":{"line":33,"column":9},"end":{"line":33,"column":26}},"loc":{"start":{"line":33,"column":48},"end":{"line":54,"column":1}},"line":33},"3":{"name":"uploadMediaToSupabase","decl":{"start":{"line":65,"column":22},"end":{"line":65,"column":43}},"loc":{"start":{"line":67,"column":37},"end":{"line":107,"column":1}},"line":67}},"branchMap":{"0":{"loc":{"start":{"line":26,"column":22},"end":{"line":26,"column":48}},"type":"binary-expr","locations":[{"start":{"line":26,"column":22},"end":{"line":26,"column":42}},{"start":{"line":26,"column":46},"end":{"line":26,"column":48}}],"line":26},"1":{"loc":{"start":{"line":28,"column":2},"end":{"line":28,"column":75}},"type":"if","locations":[{"start":{"line":28,"column":2},"end":{"line":28,"column":75}},{"start":{},"end":{}}],"line":28},"2":{"loc":{"start":{"line":28,"column":6},"end":{"line":28,"column":60}},"type":"binary-expr","locations":[{"start":{"line":28,"column":6},"end":{"line":28,"column":21}},{"start":{"line":28,"column":25},"end":{"line":28,"column":60}}],"line":28},"3":{"loc":{"start":{"line":34,"column":2},"end":{"line":53,"column":3}},"type":"switch","locations":[{"start":{"line":35,"column":4},"end":{"line":35,"column":15}},{"start":{"line":36,"column":4},"end":{"line":37,"column":26}},{"start":{"line":38,"column":4},"end":{"line":39,"column":25}},{"start":{"line":40,"column":4},"end":{"line":41,"column":25}},{"start":{"line":42,"column":4},"end":{"line":43,"column":26}},{"start":{"line":44,"column":4},"end":{"line":44,"column":16}},{"start":{"line":45,"column":4},"end":{"line":46,"column":26}},{"start":{"line":47,"column":4},"end":{"line":48,"column":25}},{"start":{"line":49,"column":4},"end":{"line":50,"column":31}},{"start":{"line":51,"column":4},"end":{"line":52,"column":40}}],"line":34},"4":{"loc":{"start":{"line":68,"column":27},"end":{"line":68,"column":43}},"type":"default-arg","locations":[{"start":{"line":68,"column":36},"end":{"line":68,"column":43}}],"line":68},"5":{"loc":{"start":{"line":71,"column":22},"end":{"line":71,"column":61}},"type":"binary-expr","locations":[{"start":{"line":71,"column":22},"end":{"line":71,"column":35}},{"start":{"line":71,"column":39},"end":{"line":71,"column":61}}],"line":71},"6":{"loc":{"start":{"line":84,"column":2},"end":{"line":102,"column":3}},"type":"if","locations":[{"start":{"line":84,"column":2},"end":{"line":102,"column":3}},{"start":{},"end":{}}],"line":84},"7":{"loc":{"start":{"line":85,"column":20},"end":{"line":85,"column":45}},"type":"binary-expr","locations":[{"start":{"line":85,"column":20},"end":{"line":85,"column":39}},{"start":{"line":85,"column":43},"end":{"line":85,"column":45}}],"line":85},"8":{"loc":{"start":{"line":87,"column":6},"end":{"line":92,"column":87}},"type":"binary-expr","locations":[{"start":{"line":87,"column":6},"end":{"line":87,"column":56}},{"start":{"line":88,"column":6},"end":{"line":88,"column":49}},{"start":{"line":91,"column":7},"end":{"line":91,"column":34}},{"start":{"line":92,"column":8},"end":{"line":92,"column":86}}],"line":87},"9":{"loc":{"start":{"line":94,"column":4},"end":{"line":99,"column":5}},"type":"if","locations":[{"start":{"line":94,"column":4},"end":{"line":99,"column":5}},{"start":{},"end":{}}],"line":94}},"s":{"0":9,"1":9,"2":9,"3":9,"4":0,"5":9,"6":9,"7":8,"8":0,"9":0,"10":0,"11":0,"12":1,"13":0,"14":0,"15":9,"16":9,"17":9,"18":9,"19":9,"20":9,"21":9,"22":9,"23":9,"24":4,"25":4,"26":4,"27":3,"28":3,"29":1,"30":5,"31":5},"f":{"0":9,"1":9,"2":9,"3":9},"b":{"0":[9,0],"1":[0,9],"2":[9,9],"3":[8,8,0,0,0,0,0,1,0,0],"4":[5],"5":[9,9],"6":[4,5],"7":[4,0],"8":[4,2,1,1],"9":[3,1]},"_coverageSchema":"1a1c01bbd47fc00a2c39e90264f33305004495a9","hash":"8bbf3bdd16276805316a1c73e98218b01dc15ac2"}
,"/Users/fmartinezvidal/Documents/github/radar-app/lib/supabase.ts": {"path":"/Users/fmartinezvidal/Documents/github/radar-app/lib/supabase.ts","statementMap":{"0":{"start":{"line":11,"column":20},"end":{"line":11,"column":82}},"1":{"start":{"line":12,"column":20},"end":{"line":12,"column":82}},"2":{"start":{"line":14,"column":0},"end":{"line":20,"column":1}},"3":{"start":{"line":15,"column":2},"end":{"line":19,"column":4}},"4":{"start":{"line":27,"column":2},"end":{"line":34,"column":7}},"5":{"start":{"line":30,"column":58},"end":{"line":30,"column":87}},"6":{"start":{"line":32,"column":10},"end":{"line":32,"column":46}},"7":{"start":{"line":33,"column":52},"end":{"line":33,"column":84}},"8":{"start":{"line":36,"column":24},"end":{"line":43,"column":2}}},"fnMap":{"0":{"name":"(anonymous_0)","decl":{"start":{"line":30,"column":17},"end":{"line":30,"column":18}},"loc":{"start":{"line":30,"column":58},"end":{"line":30,"column":87}},"line":30},"1":{"name":"(anonymous_1)","decl":{"start":{"line":31,"column":17},"end":{"line":31,"column":18}},"loc":{"start":{"line":32,"column":10},"end":{"line":32,"column":46}},"line":32},"2":{"name":"(anonymous_2)","decl":{"start":{"line":33,"column":20},"end":{"line":33,"column":21}},"loc":{"start":{"line":33,"column":52},"end":{"line":33,"column":84}},"line":33}},"branchMap":{"0":{"loc":{"start":{"line":14,"column":0},"end":{"line":20,"column":1}},"type":"if","locations":[{"start":{"line":14,"column":0},"end":{"line":20,"column":1}},{"start":{},"end":{}}],"line":14},"1":{"loc":{"start":{"line":14,"column":4},"end":{"line":14,"column":32}},"type":"binary-expr","locations":[{"start":{"line":14,"column":4},"end":{"line":14,"column":16}},{"start":{"line":14,"column":20},"end":{"line":14,"column":32}}],"line":14},"2":{"loc":{"start":{"line":27,"column":2},"end":{"line":34,"column":7}},"type":"cond-expr","locations":[{"start":{"line":28,"column":6},"end":{"line":28,"column":18}},{"start":{"line":29,"column":6},"end":{"line":34,"column":7}}],"line":27}},"s":{"0":0,"1":0,"2":0,"3":0,"4":0,"5":0,"6":0,"7":0,"8":0},"f":{"0":0,"1":0,"2":0},"b":{"0":[0,0],"1":[0,0],"2":[0,0]}}
,"/Users/fmartinezvidal/Documents/github/radar-app/stores/auth-store.ts": {"path":"/Users/fmartinezvidal/Documents/github/radar-app/stores/auth-store.ts","statementMap":{"0":{"start":{"line":12,"column":21},"end":{"line":16,"column":61}},"1":{"start":{"line":18,"column":28},"end":{"line":29,"column":3}},"2":{"start":{"line":18,"column":58},"end":{"line":29,"column":1}},"3":{"start":{"line":22,"column":4},"end":{"line":26,"column":6}},"4":{"start":{"line":28,"column":15},"end":{"line":28,"column":57}}},"fnMap":{"0":{"name":"(anonymous_0)","decl":{"start":{"line":18,"column":48},"end":{"line":18,"column":49}},"loc":{"start":{"line":18,"column":58},"end":{"line":29,"column":1}},"line":18},"1":{"name":"(anonymous_1)","decl":{"start":{"line":21,"column":14},"end":{"line":21,"column":15}},"loc":{"start":{"line":22,"column":4},"end":{"line":26,"column":6}},"line":22},"2":{"name":"(anonymous_2)","decl":{"start":{"line":28,"column":9},"end":{"line":28,"column":10}},"loc":{"start":{"line":28,"column":15},"end":{"line":28,"column":57}},"line":28}},"branchMap":{"0":{"loc":{"start":{"line":24,"column":12},"end":{"line":24,"column":33}},"type":"binary-expr","locations":[{"start":{"line":24,"column":12},"end":{"line":24,"column":25}},{"start":{"line":24,"column":29},"end":{"line":24,"column":33}}],"line":24}},"s":{"0":2,"1":2,"2":2,"3":11,"4":3},"f":{"0":2,"1":11,"2":3},"b":{"0":[11,3]},"_coverageSchema":"1a1c01bbd47fc00a2c39e90264f33305004495a9","hash":"25aece7d4bd59d92abc38d7143c7bc50ba5ca771"}
,"/Users/fmartinezvidal/Documents/github/radar-app/stores/index.ts": {"path":"/Users/fmartinezvidal/Documents/github/radar-app/stores/index.ts","statementMap":{},"fnMap":{},"branchMap":{},"s":{},"f":{},"b":{},"_coverageSchema":"1a1c01bbd47fc00a2c39e90264f33305004495a9","hash":"c5d5b7b7ed51427d39b92a6280b0cfacdd9d4b0f"}
}
